2021-10-07 09:13:15 [INFO  ] ConfigLoader                    :407  - echo 'export OTPPI_PATH_SETTING_DHCP="/resource/data/network/dhcpd.json"' >> $HOME/.bashrc
2021-10-07 09:13:15 [INFO  ] ConfigLoader                    :407  - echo 'export OTPPI_PATH_SETTING_DHCP_DEFAULT="/resource/config/network/dhcpd.json"' >> $HOME/.bashrc
2021-10-07 09:13:15 [INFO  ] ConfigLoader                    :407  - echo 'export OTPPI_PATH_SETTING_EMAIL="/resource/data/email/sender-account.json"' >> $HOME/.bashrc
2021-10-07 09:13:15 [INFO  ] ConfigLoader                    :407  - echo 'export OTPPI_PATH_SETTING_ETHERNET="/resource/data/network/ethernet.json"' >> $HOME/.bashrc
2021-10-07 09:13:15 [INFO  ] ConfigLoader                    :407  - echo 'export OTPPI_PATH_SETTING_ETHERNET_DEFAULT="/resource/config/network/ethernet.json"' >> $HOME/.bashrc
2021-10-07 09:13:15 [INFO  ] ConfigLoader                    :407  - echo 'export OTPPI_PATH_SETTING_FIREWALL="/resource/data/network/firewall.json"' >> $HOME/.bashrc
2021-10-07 09:13:15 [INFO  ] ConfigLoader                    :407  - echo 'export OTPPI_PATH_SETTING_GENERAL="/resource/data/general/general-config.json"' >> $HOME/.bashrc
2021-10-07 09:13:15 [INFO  ] ConfigLoader                    :407  - echo 'export OTPPI_PATH_SETTING_KEYSTORE="/resource/data/keystore/keystores.json"' >> $HOME/.bashrc
2021-10-07 09:13:15 [INFO  ] ConfigLoader                    :407  - echo 'export OTPPI_PATH_SETTING_KEYSTORE_DATA="/resource/data/keystore/data"' >> $HOME/.bashrc
2021-10-07 09:13:15 [INFO  ] ConfigLoader                    :407  - echo 'export OTPPI_PATH_SETTING_MODEM="/resource/data/gsm/devices.json"' >> $HOME/.bashrc
2021-10-07 09:13:15 [INFO  ] ConfigLoader                    :407  - echo 'export OTPPI_PATH_SETTING_SERVER_STATUS="/resource/data/server/server-status.json"' >> $HOME/.bashrc
2021-10-07 09:13:15 [INFO  ] ConfigLoader                    :407  - echo 'export OTPPI_PATH_SETTING_SMS="/resource/data/gsm/sms.json"' >> $HOME/.bashrc
2021-10-07 09:13:15 [INFO  ] ConfigLoader                    :407  - echo 'export OTPPI_PATH_SETTING_SMTP="/resource/data/email/smtp.json"' >> $HOME/.bashrc
2021-10-07 09:13:15 [INFO  ] ConfigLoader                    :407  - echo 'export OTPPI_PATH_SETTING_SUBSCRIBER_AMQP="/resource/data/subscriber/subscriber-amqp.json"' >> $HOME/.bashrc
2021-10-07 09:13:15 [INFO  ] ConfigLoader                    :407  - echo 'export OTPPI_PATH_SETTING_SUBSCRIBER_MQTT="/resource/data/subscriber/subscriber-mqtt.json"' >> $HOME/.bashrc
2021-10-07 09:13:15 [INFO  ] ConfigLoader                    :407  - echo 'export OTPPI_PATH_SETTING_SUBSCRIBER_REDIS="/resource/data/subscriber/subscriber-redis.json"' >> $HOME/.bashrc
2021-10-07 09:13:15 [INFO  ] ConfigLoader                    :407  - echo 'export OTPPI_PATH_SETTING_SUBSCRIBER_WS="/resource/data/subscriber/subscriber-ws.json"' >> $HOME/.bashrc
2021-10-07 09:13:15 [INFO  ] ConfigLoader                    :407  - echo 'export OTPPI_PATH_SETTING_USER="/resource/data/user/urses.json"' >> $HOME/.bashrc
2021-10-07 09:13:15 [INFO  ] ConfigLoader                    :407  - echo 'export OTPPI_PATH_SETTING_WLAN="/resource/data/network/wlan.json"' >> $HOME/.bashrc
2021-10-07 09:13:15 [INFO  ] ConfigLoader                    :407  - echo 'export OTPPI_PATH_SETTING_WLAN_DEFAULT="/resource/config/network/wlan.json"' >> $HOME/.bashrc
2021-10-07 09:13:15 [INFO  ] ConfigLoader                    :407  - echo 'export OTPPI_SERVER_DIR_LOG="C:\bitbucket\OTP-Pi\log"' >> $HOME/.bashrc
2021-10-07 09:13:15 [INFO  ] ConfigLoader                    :407  - echo 'export OTPPI_SERVER_DIR_STORAGE="C:\bitbucket\OTP-Pi\log"' >> $HOME/.bashrc
2021-10-07 09:13:15 [INFO  ] ConfigLoader                    :407  - echo 'export OTPPI_SERVER_LOG_CONFIG_NOT_FOUND="false"' >> $HOME/.bashrc
2021-10-07 09:13:15 [INFO  ] ConfigLoader                    :407  - echo 'export OTPPI_SERVER_PORT="8888"' >> $HOME/.bashrc
2021-10-07 09:13:15 [INFO  ] ConfigLoader                    :407  - echo 'export OTPPI_SMS_DEBUG_READ="true"' >> $HOME/.bashrc
2021-10-07 09:13:15 [INFO  ] ConfigLoader                    :407  - echo 'export OTPPI_SMS_INBOX_STATUS="REC READ"' >> $HOME/.bashrc
2021-10-07 09:13:15 [INFO  ] ConfigLoader                    :407  - echo 'export OTPPI_SMS_INBOX_STORAGE="SM"' >> $HOME/.bashrc
2021-10-07 09:13:15 [INFO  ] ConfigLoader                    :407  - echo 'export OTPPI_SMS_PATH_LOG="C:/github/OTP-Pi/resource/data/report/outbox"' >> $HOME/.bashrc
2021-10-07 09:13:15 [INFO  ] ConfigLoader                    :407  - echo 'export OTPPI_SMS_SHOW_TRAFIC="true"' >> $HOME/.bashrc
2021-10-07 09:13:15 [INFO  ] ConfigLoader                    :407  - echo 'export OTPPI_SOUND_ALERT_OCTAVE="3"' >> $HOME/.bashrc
2021-10-07 09:13:15 [INFO  ] ConfigLoader                    :407  - echo 'export OTPPI_SOUND_ALERT_TEMPO="80"' >> $HOME/.bashrc
2021-10-07 09:13:15 [INFO  ] ConfigLoader                    :407  - echo 'export OTPPI_SOUND_ALERT_TONE="8c2 4c2 16- 8c2 4c2"' >> $HOME/.bashrc
2021-10-07 09:13:15 [INFO  ] ConfigLoader                    :407  - echo 'export OTPPI_SOUND_DISCONNECT_OCTAVE="3"' >> $HOME/.bashrc
2021-10-07 09:13:15 [INFO  ] ConfigLoader                    :407  - echo 'export OTPPI_SOUND_DISCONNECT_TEMPO="80"' >> $HOME/.bashrc
2021-10-07 09:13:15 [INFO  ] ConfigLoader                    :407  - echo 'export OTPPI_SOUND_DISCONNECT_TONE="8c2 4c2 16- 8c2 4c2"' >> $HOME/.bashrc
2021-10-07 09:13:15 [INFO  ] ConfigLoader                    :407  - echo 'export OTPPI_SOUND_ENABLE="true"' >> $HOME/.bashrc
2021-10-07 09:13:15 [INFO  ] ConfigLoader                    :407  - echo 'export OTPPI_SOUND_ERROR_OCTAVE="3"' >> $HOME/.bashrc
2021-10-07 09:13:15 [INFO  ] ConfigLoader                    :407  - echo 'export OTPPI_SOUND_ERROR_TEMPO="80"' >> $HOME/.bashrc
2021-10-07 09:13:15 [INFO  ] ConfigLoader                    :407  - echo 'export OTPPI_SOUND_ERROR_TONE="8c2 4c2 16- 8c2 4c2"' >> $HOME/.bashrc
2021-10-07 09:13:15 [INFO  ] ConfigLoader                    :407  - echo 'export OTPPI_SOUND_PIN="26"' >> $HOME/.bashrc
2021-10-07 09:13:15 [INFO  ] ConfigLoader                    :407  - echo 'export OTPPI_SOUND_TEST_OCTAVE="3"' >> $HOME/.bashrc
2021-10-07 09:13:15 [INFO  ] ConfigLoader                    :407  - echo 'export OTPPI_SOUND_TEST_TEMPO="80"' >> $HOME/.bashrc
2021-10-07 09:13:15 [INFO  ] ConfigLoader                    :407  - echo 'export OTPPI_SOUND_TEST_TONE="16c2 16d2 6e2 8d2 8c2 4d2 4g2 32- 6c2 8c2 8b1 16a1 4b1 4e2 32- 6a1 6b1 6c2 6g1 6b1 8c2 6d2 6e2 8c2 4d2"' >> $HOME/.bashrc
2021-10-07 09:13:15 [INFO  ] ConfigLoader                    :407  - echo 'export OTPPI_SSH_CLEANUP_COMMAND="/bin/bash /var/otp-pi/cleanup.sh"' >> $HOME/.bashrc
2021-10-07 09:13:15 [INFO  ] ConfigLoader                    :407  - echo 'export OTPPI_SSH_ENABLE="false"' >> $HOME/.bashrc
2021-10-07 09:13:15 [INFO  ] ConfigLoader                    :407  - echo 'export OTPPI_SSH_HOST="localhost"' >> $HOME/.bashrc
2021-10-07 09:13:15 [INFO  ] ConfigLoader                    :407  - echo 'export OTPPI_SSH_PASSWORD="centos"' >> $HOME/.bashrc
2021-10-07 09:13:15 [INFO  ] ConfigLoader                    :407  - echo 'export OTPPI_SSH_PING_COMMAND="/bin/curl -X GET http://localhost:8888/ping/"' >> $HOME/.bashrc
2021-10-07 09:13:15 [INFO  ] ConfigLoader                    :407  - echo 'export OTPPI_SSH_PORT="22"' >> $HOME/.bashrc
2021-10-07 09:13:15 [INFO  ] ConfigLoader                    :407  - echo 'export OTPPI_SSH_REBOOT_COMMAND="reboot"' >> $HOME/.bashrc
2021-10-07 09:13:15 [INFO  ] ConfigLoader                    :407  - echo 'export OTPPI_SSH_RESTART_COMMAND="/bin/bash /var/otp-pi/restart.sh"' >> $HOME/.bashrc
2021-10-07 09:13:15 [INFO  ] ConfigLoader                    :407  - echo 'export OTPPI_SSH_SLEEP="10"' >> $HOME/.bashrc
2021-10-07 09:13:15 [INFO  ] ConfigLoader                    :407  - echo 'export OTPPI_SSH_USERNAME="root"' >> $HOME/.bashrc
2021-10-07 09:13:15 [INFO  ] ConfigLoader                    :407  - echo 'export OTPPI_WEB_CACHE_FILE_HTML="true"' >> $HOME/.bashrc
2021-10-07 09:13:15 [INFO  ] ConfigLoader                    :407  - echo 'export OTPPI_WEB_DOCUMENT_ROOT="C:/github/OTP-Pi/resource/www"' >> $HOME/.bashrc
2021-10-07 09:13:15 [INFO  ] ConfigLoader                    :407  - echo 'export OTPPI_WEB_SESSION_FILE_PATH="/resource/session"' >> $HOME/.bashrc
2021-10-07 09:13:15 [INFO  ] ConfigLoader                    :407  - echo 'export OTPPI_WEB_SESSION_LIFETIME="144000000000"' >> $HOME/.bashrc
2021-10-07 09:13:15 [INFO  ] ConfigLoader                    :407  - echo 'export OTPPI_WEB_SESSION_NAME="SMSSESSID"' >> $HOME/.bashrc
2021-10-07 09:13:15 [INFO  ] ConfigLoader                    :407  - echo 'export OTPPI_WVDIAL_COMMAND_CONNECT="/bin/wvdial &"' >> $HOME/.bashrc
2021-10-07 09:13:15 [INFO  ] ConfigLoader                    :407  - echo 'export OTPPI_WVDIAL_COMMAND_DISCONNECT="/bin/pkill wvdial"' >> $HOME/.bashrc
2021-10-07 09:13:15 [INFO  ] ConfigLoader                    :407  - echo 'export OTPPI_WVDIAL_PATH_CONFIG="/etc/wvdial.conf"' >> $HOME/.bashrc
2021-10-07 09:13:16 [INFO  ] ConfigLoader                    :368  - 
List of Unused Config:

2021-10-07 09:13:16 [INFO  ] ConfigLoader                    :373  - otppi.cron.enable.server.status
2021-10-07 09:13:16 [INFO  ] ConfigLoader                    :373  - otppi.cron.expression.amqp
2021-10-07 09:13:16 [INFO  ] ConfigLoader                    :373  - otppi.cron.expression.device
2021-10-07 09:13:16 [INFO  ] ConfigLoader                    :373  - otppi.cron.expression.general
2021-10-07 09:13:16 [INFO  ] ConfigLoader                    :373  - otppi.cron.expression.server.status
2021-10-07 09:13:16 [INFO  ] ConfigLoader                    :373  - otppi.cron.time.resolution
2021-10-07 09:13:16 [INFO  ] ConfigLoader                    :373  - otppi.device.hmac
2021-10-07 09:13:16 [INFO  ] ConfigLoader                    :373  - otppi.device.print.config
2021-10-07 09:13:16 [INFO  ] ConfigLoader                    :373  - otppi.device.secret.key
2021-10-07 09:13:16 [INFO  ] ConfigLoader                    :373  - otppi.sms.debug.read
2021-10-07 09:13:16 [INFO  ] ConfigLoader                    :373  - otppi.ssh.ping.command
2021-10-07 09:13:16 [INFO  ] MessageAPI                      :50   - Topic     : sms
2021-10-07 09:13:16 [INFO  ] MessageAPI                      :51   - Message   : {
    "callback_topic": "modem-list-440093",
    "data": {"date_time": 1633572787},
    "command": "get-modem-list"
}
2021-10-07 09:13:16 [INFO  ] MessageAPI                      :52   - Command   : get-modem-list
2021-10-07 09:13:16 [INFO  ] MessageAPI                      :53   - Date Time : 1633572787
2021-10-07 09:13:16 [INFO  ] MessageAPI                      :96   - List Modem
2021-10-07 09:13:16 [INFO  ] MessageAPI                      :50   - Topic     : sms
2021-10-07 09:13:16 [INFO  ] MessageAPI                      :51   - Message   : {
    "callback_topic": "modem-list-681081",
    "data": {"date_time": 1633572789},
    "command": "get-modem-list"
}
2021-10-07 09:13:16 [INFO  ] MessageAPI                      :52   - Command   : get-modem-list
2021-10-07 09:13:16 [INFO  ] MessageAPI                      :53   - Date Time : 1633572789
2021-10-07 09:13:16 [INFO  ] MessageAPI                      :96   - List Modem
2021-10-07 09:13:20 [INFO  ] MessageAPI                      :50   - Topic     : sms
2021-10-07 09:13:20 [INFO  ] MessageAPI                      :51   - Message   : {
    "callback_topic": "modem-list-175233",
    "data": {"date_time": 1633572800},
    "command": "get-modem-list"
}
2021-10-07 09:13:20 [INFO  ] MessageAPI                      :52   - Command   : get-modem-list
2021-10-07 09:13:20 [INFO  ] MessageAPI                      :53   - Date Time : 1633572800
2021-10-07 09:13:20 [INFO  ] MessageAPI                      :96   - List Modem
2021-10-07 09:13:21 [INFO  ] Application                     :190  - Service started
2021-10-07 09:20:31 [INFO  ] MessageAPI                      :50   - Topic     : sms
2021-10-07 09:20:31 [INFO  ] MessageAPI                      :51   - Message   : {
    "callback_topic": "modem-list-353693",
    "data": {"date_time": 1633573231},
    "command": "get-modem-list"
}
2021-10-07 09:20:31 [INFO  ] MessageAPI                      :52   - Command   : get-modem-list
2021-10-07 09:20:31 [INFO  ] MessageAPI                      :53   - Date Time : 1633573231
2021-10-07 09:20:31 [INFO  ] MessageAPI                      :96   - List Modem
2021-10-07 09:20:32 [INFO  ] MessageAPI                      :50   - Topic     : sms
2021-10-07 09:20:32 [INFO  ] MessageAPI                      :51   - Message   : {
    "callback_topic": "modem-list-821481",
    "data": {"date_time": 1633573232},
    "command": "get-modem-list"
}
2021-10-07 09:20:32 [INFO  ] MessageAPI                      :52   - Command   : get-modem-list
2021-10-07 09:20:32 [INFO  ] MessageAPI                      :53   - Date Time : 1633573232
2021-10-07 09:20:32 [INFO  ] MessageAPI                      :96   - List Modem
2021-10-07 09:20:33 [INFO  ] MessageAPI                      :50   - Topic     : sms
2021-10-07 09:20:33 [INFO  ] MessageAPI                      :51   - Message   : {
    "callback_topic": "modem-list-483812",
    "data": {"date_time": 1633573233},
    "command": "get-modem-list"
}
2021-10-07 09:20:33 [INFO  ] MessageAPI                      :52   - Command   : get-modem-list
2021-10-07 09:20:33 [INFO  ] MessageAPI                      :53   - Date Time : 1633573233
2021-10-07 09:20:33 [INFO  ] MessageAPI                      :96   - List Modem
2021-10-07 09:23:34 [INFO  ] MessageAPI                      :50   - Topic     : sms
2021-10-07 09:23:34 [INFO  ] MessageAPI                      :51   - Message   : {
    "callback_topic": "modem-list-780212",
    "data": {"date_time": 1633573414},
    "command": "get-modem-list"
}
2021-10-07 09:23:34 [INFO  ] MessageAPI                      :52   - Command   : get-modem-list
2021-10-07 09:23:34 [INFO  ] MessageAPI                      :53   - Date Time : 1633573414
2021-10-07 09:23:34 [INFO  ] MessageAPI                      :96   - List Modem
2021-10-07 09:23:36 [INFO  ] MessageAPI                      :50   - Topic     : sms
2021-10-07 09:23:36 [INFO  ] MessageAPI                      :51   - Message   : {
    "callback_topic": "modem-list-736947",
    "data": {"date_time": 1633573416},
    "command": "get-modem-list"
}
2021-10-07 09:23:36 [INFO  ] MessageAPI                      :52   - Command   : get-modem-list
2021-10-07 09:23:36 [INFO  ] MessageAPI                      :53   - Date Time : 1633573416
2021-10-07 09:23:36 [INFO  ] MessageAPI                      :96   - List Modem
2021-10-07 09:28:52 [INFO  ] ConfigLoader                    :407  - echo 'export OTPPI_CRON_ENABLE_AMQP="true"' >> $HOME/.bashrc
2021-10-07 09:28:52 [INFO  ] ConfigLoader                    :407  - echo 'export OTPPI_CRON_ENABLE_DDNS="true"' >> $HOME/.bashrc
2021-10-07 09:28:52 [INFO  ] ConfigLoader                    :407  - echo 'export OTPPI_CRON_ENABLE_DEVICE="true"' >> $HOME/.bashrc
2021-10-07 09:28:52 [INFO  ] ConfigLoader                    :407  - echo 'export OTPPI_CRON_ENABLE_NTP="true"' >> $HOME/.bashrc
2021-10-07 09:28:52 [INFO  ] ConfigLoader                    :407  - echo 'export OTPPI_CRON_ENABLE_SERVER_STATUS="true"' >> $HOME/.bashrc
2021-10-07 09:28:52 [INFO  ] ConfigLoader                    :407  - echo 'export OTPPI_CRON_EXPRESSION_AMQP="0 0 * * * ?"' >> $HOME/.bashrc
2021-10-07 09:28:52 [INFO  ] ConfigLoader                    :407  - echo 'export OTPPI_CRON_EXPRESSION_DEVICE="0 0 * * * ?"' >> $HOME/.bashrc
2021-10-07 09:28:52 [INFO  ] ConfigLoader                    :407  - echo 'export OTPPI_CRON_EXPRESSION_GENERAL="*/10 * * * * ?"' >> $HOME/.bashrc
2021-10-07 09:28:52 [INFO  ] ConfigLoader                    :407  - echo 'export OTPPI_CRON_EXPRESSION_SERVER_STATUS="0 */5 * * * ?"' >> $HOME/.bashrc
2021-10-07 09:28:52 [INFO  ] ConfigLoader                    :407  - echo 'export OTPPI_CRON_TIME_RESOLUTION="minute"' >> $HOME/.bashrc
2021-10-07 09:28:52 [INFO  ] ConfigLoader                    :407  - echo 'export OTPPI_DEVICE_HMAC="4194cbdf197b1a281612e14b5d0b68a692fd7f81d6a817d4abcf7977407fa76b196a39519281c68eea98f96dae255753b1f5a9bf69d851ac505ec8e44daedbb7"' >> $HOME/.bashrc
2021-10-07 09:28:52 [INFO  ] ConfigLoader                    :407  - echo 'export OTPPI_DEVICE_IMAGE_NAME="otp.jar"' >> $HOME/.bashrc
2021-10-07 09:28:52 [INFO  ] ConfigLoader                    :407  - echo 'export OTPPI_DEVICE_NAME="OTP Broker"' >> $HOME/.bashrc
2021-10-07 09:28:52 [INFO  ] ConfigLoader                    :407  - echo 'export OTPPI_DEVICE_PRINT_CONFIG="true"' >> $HOME/.bashrc
2021-10-07 09:28:52 [INFO  ] ConfigLoader                    :407  - echo 'export OTPPI_DEVICE_RESET_CONFIG_NAME="reset-config.ini"' >> $HOME/.bashrc
2021-10-07 09:28:52 [INFO  ] ConfigLoader                    :407  - echo 'export OTPPI_DEVICE_RESET_CONFIG_PATH="/otp-pi/reset-config.ini"' >> $HOME/.bashrc
2021-10-07 09:28:52 [INFO  ] ConfigLoader                    :407  - echo 'export OTPPI_DEVICE_RESET_TYPE="RPi"' >> $HOME/.bashrc
2021-10-07 09:28:52 [INFO  ] ConfigLoader                    :407  - echo 'export OTPPI_DEVICE_SECRET_KEY="itI*t7t7ur^%E65eE54ew43wYu9j9J(7r67R"' >> $HOME/.bashrc
2021-10-07 09:28:52 [INFO  ] ConfigLoader                    :407  - echo 'export OTPPI_DEVICE_VERSION="Version 1.0.0"' >> $HOME/.bashrc
2021-10-07 09:28:52 [INFO  ] ConfigLoader                    :407  - echo 'export OTPPI_MODEM_DEBUG="true"' >> $HOME/.bashrc
2021-10-07 09:28:52 [INFO  ] ConfigLoader                    :407  - echo 'export OTPPI_MODEM_INSPECT_INTERVAL="1000"' >> $HOME/.bashrc
2021-10-07 09:28:52 [INFO  ] ConfigLoader                    :407  - echo 'export OTPPI_OTP_CACHE_FILE="/resource/data/otp/otp.json"' >> $HOME/.bashrc
2021-10-07 09:28:52 [INFO  ] ConfigLoader                    :407  - echo 'export OTPPI_OTP_GC_INGTERVAL="60000"' >> $HOME/.bashrc
2021-10-07 09:28:52 [INFO  ] ConfigLoader                    :407  - echo 'export OTPPI_OTP_LENGTH="6"' >> $HOME/.bashrc
2021-10-07 09:28:52 [INFO  ] ConfigLoader                    :407  - echo 'export OTPPI_OTP_LIFETIME="30000"' >> $HOME/.bashrc
2021-10-07 09:28:52 [INFO  ] ConfigLoader                    :407  - echo 'export OTPPI_OTP_SALT="gfiushciyw89erywe98r23r23rj2"' >> $HOME/.bashrc
2021-10-07 09:28:52 [INFO  ] ConfigLoader                    :407  - echo 'export OTPPI_PATH_OS_DHCP="/etc/dhcp/dhcpd.conf"' >> $HOME/.bashrc
2021-10-07 09:28:52 [INFO  ] ConfigLoader                    :407  - echo 'export OTPPI_PATH_OS_ETHERNET="/etc/sysconfig/ifcfg-eth0"' >> $HOME/.bashrc
2021-10-07 09:28:52 [INFO  ] ConfigLoader                    :407  - echo 'export OTPPI_PATH_OS_SSID_KEY="/etc/sysconfig/network-scripts/keys-wlan0"' >> $HOME/.bashrc
2021-10-07 09:28:52 [INFO  ] ConfigLoader                    :407  - echo 'export OTPPI_PATH_OS_WLAN="/etc/sysconfig/network-scripts/ifcfg-wlan0"' >> $HOME/.bashrc
2021-10-07 09:28:52 [INFO  ] ConfigLoader                    :407  - echo 'export OTPPI_PATH_SETTING_ALL="/resource/config/config.ini"' >> $HOME/.bashrc
2021-10-07 09:28:52 [INFO  ] ConfigLoader                    :407  - echo 'export OTPPI_PATH_SETTING_API_SERVICE="/resource/data/api/services.json"' >> $HOME/.bashrc
2021-10-07 09:28:52 [INFO  ] ConfigLoader                    :407  - echo 'export OTPPI_PATH_SETTING_API_USER="/resource/data/api/urses.json"' >> $HOME/.bashrc
2021-10-07 09:28:52 [INFO  ] ConfigLoader                    :407  - echo 'export OTPPI_PATH_SETTING_BASE="C:/github/OTP-Pi"' >> $HOME/.bashrc
2021-10-07 09:28:52 [INFO  ] ConfigLoader                    :407  - echo 'export OTPPI_PATH_SETTING_BELL="/resource/data/bell/bell-config.json"' >> $HOME/.bashrc
2021-10-07 09:28:52 [INFO  ] ConfigLoader                    :407  - echo 'export OTPPI_PATH_SETTING_BLOCKING="/resource/data/api/blocking.json"' >> $HOME/.bashrc
2021-10-07 09:28:52 [INFO  ] ConfigLoader                    :407  - echo 'export OTPPI_PATH_SETTING_DDNS="/resource/data/ddns/ddns.json"' >> $HOME/.bashrc
2021-10-07 09:28:52 [INFO  ] ConfigLoader                    :407  - echo 'export OTPPI_PATH_SETTING_DDNS_AFRAID="/resource/data/ddns/vendor/afraid.json"' >> $HOME/.bashrc
2021-10-07 09:28:52 [INFO  ] ConfigLoader                    :407  - echo 'export OTPPI_PATH_SETTING_DDNS_CLOUDFLARE="/resource/data/ddns/vendor/cloudflare.json"' >> $HOME/.bashrc
2021-10-07 09:28:52 [INFO  ] ConfigLoader                    :407  - echo 'export OTPPI_PATH_SETTING_DDNS_DYNU="/resource/data/ddns/vendor/dynu.json"' >> $HOME/.bashrc
2021-10-07 09:28:52 [INFO  ] ConfigLoader                    :407  - echo 'export OTPPI_PATH_SETTING_DDNS_NOIP="/resource/data/ddns/vendor/noip.json"' >> $HOME/.bashrc
2021-10-07 09:28:52 [INFO  ] ConfigLoader                    :407  - echo 'export OTPPI_PATH_SETTING_DHCP="/resource/data/network/dhcpd.json"' >> $HOME/.bashrc
2021-10-07 09:28:52 [INFO  ] ConfigLoader                    :407  - echo 'export OTPPI_PATH_SETTING_DHCP_DEFAULT="/resource/config/network/dhcpd.json"' >> $HOME/.bashrc
2021-10-07 09:28:52 [INFO  ] ConfigLoader                    :407  - echo 'export OTPPI_PATH_SETTING_EMAIL="/resource/data/email/sender-account.json"' >> $HOME/.bashrc
2021-10-07 09:28:52 [INFO  ] ConfigLoader                    :407  - echo 'export OTPPI_PATH_SETTING_ETHERNET="/resource/data/network/ethernet.json"' >> $HOME/.bashrc
2021-10-07 09:28:52 [INFO  ] ConfigLoader                    :407  - echo 'export OTPPI_PATH_SETTING_ETHERNET_DEFAULT="/resource/config/network/ethernet.json"' >> $HOME/.bashrc
2021-10-07 09:28:52 [INFO  ] ConfigLoader                    :407  - echo 'export OTPPI_PATH_SETTING_FIREWALL="/resource/data/network/firewall.json"' >> $HOME/.bashrc
2021-10-07 09:28:52 [INFO  ] ConfigLoader                    :407  - echo 'export OTPPI_PATH_SETTING_GENERAL="/resource/data/general/general-config.json"' >> $HOME/.bashrc
2021-10-07 09:28:52 [INFO  ] ConfigLoader                    :407  - echo 'export OTPPI_PATH_SETTING_KEYSTORE="/resource/data/keystore/keystores.json"' >> $HOME/.bashrc
2021-10-07 09:28:52 [INFO  ] ConfigLoader                    :407  - echo 'export OTPPI_PATH_SETTING_KEYSTORE_DATA="/resource/data/keystore/data"' >> $HOME/.bashrc
2021-10-07 09:28:52 [INFO  ] ConfigLoader                    :407  - echo 'export OTPPI_PATH_SETTING_MODEM="/resource/data/gsm/devices.json"' >> $HOME/.bashrc
2021-10-07 09:28:52 [INFO  ] ConfigLoader                    :407  - echo 'export OTPPI_PATH_SETTING_SERVER_STATUS="/resource/data/server/server-status.json"' >> $HOME/.bashrc
2021-10-07 09:28:52 [INFO  ] ConfigLoader                    :407  - echo 'export OTPPI_PATH_SETTING_SMS="/resource/data/gsm/sms.json"' >> $HOME/.bashrc
2021-10-07 09:28:52 [INFO  ] ConfigLoader                    :407  - echo 'export OTPPI_PATH_SETTING_SMTP="/resource/data/email/smtp.json"' >> $HOME/.bashrc
2021-10-07 09:28:52 [INFO  ] ConfigLoader                    :407  - echo 'export OTPPI_PATH_SETTING_SUBSCRIBER_AMQP="/resource/data/subscriber/subscriber-amqp.json"' >> $HOME/.bashrc
2021-10-07 09:28:52 [INFO  ] ConfigLoader                    :407  - echo 'export OTPPI_PATH_SETTING_SUBSCRIBER_MQTT="/resource/data/subscriber/subscriber-mqtt.json"' >> $HOME/.bashrc
2021-10-07 09:28:52 [INFO  ] ConfigLoader                    :407  - echo 'export OTPPI_PATH_SETTING_SUBSCRIBER_REDIS="/resource/data/subscriber/subscriber-redis.json"' >> $HOME/.bashrc
2021-10-07 09:28:52 [INFO  ] ConfigLoader                    :407  - echo 'export OTPPI_PATH_SETTING_SUBSCRIBER_WS="/resource/data/subscriber/subscriber-ws.json"' >> $HOME/.bashrc
2021-10-07 09:28:52 [INFO  ] ConfigLoader                    :407  - echo 'export OTPPI_PATH_SETTING_USER="/resource/data/user/urses.json"' >> $HOME/.bashrc
2021-10-07 09:28:52 [INFO  ] ConfigLoader                    :407  - echo 'export OTPPI_PATH_SETTING_WLAN="/resource/data/network/wlan.json"' >> $HOME/.bashrc
2021-10-07 09:28:52 [INFO  ] ConfigLoader                    :407  - echo 'export OTPPI_PATH_SETTING_WLAN_DEFAULT="/resource/config/network/wlan.json"' >> $HOME/.bashrc
2021-10-07 09:28:52 [INFO  ] ConfigLoader                    :407  - echo 'export OTPPI_SERVER_DIR_LOG="C:\bitbucket\OTP-Pi\log"' >> $HOME/.bashrc
2021-10-07 09:28:52 [INFO  ] ConfigLoader                    :407  - echo 'export OTPPI_SERVER_DIR_STORAGE="C:\bitbucket\OTP-Pi\log"' >> $HOME/.bashrc
2021-10-07 09:28:52 [INFO  ] ConfigLoader                    :407  - echo 'export OTPPI_SERVER_LOG_CONFIG_NOT_FOUND="false"' >> $HOME/.bashrc
2021-10-07 09:28:52 [INFO  ] ConfigLoader                    :407  - echo 'export OTPPI_SERVER_PORT="8888"' >> $HOME/.bashrc
2021-10-07 09:28:52 [INFO  ] ConfigLoader                    :407  - echo 'export OTPPI_SMS_DEBUG_READ="true"' >> $HOME/.bashrc
2021-10-07 09:28:52 [INFO  ] ConfigLoader                    :407  - echo 'export OTPPI_SMS_INBOX_STATUS="REC READ"' >> $HOME/.bashrc
2021-10-07 09:28:52 [INFO  ] ConfigLoader                    :407  - echo 'export OTPPI_SMS_INBOX_STORAGE="SM"' >> $HOME/.bashrc
2021-10-07 09:28:52 [INFO  ] ConfigLoader                    :407  - echo 'export OTPPI_SMS_PATH_LOG="C:/github/OTP-Pi/resource/data/report/outbox"' >> $HOME/.bashrc
2021-10-07 09:28:52 [INFO  ] ConfigLoader                    :407  - echo 'export OTPPI_SMS_SHOW_TRAFIC="true"' >> $HOME/.bashrc
2021-10-07 09:28:52 [INFO  ] ConfigLoader                    :407  - echo 'export OTPPI_SOUND_ALERT_OCTAVE="3"' >> $HOME/.bashrc
2021-10-07 09:28:52 [INFO  ] ConfigLoader                    :407  - echo 'export OTPPI_SOUND_ALERT_TEMPO="80"' >> $HOME/.bashrc
2021-10-07 09:28:52 [INFO  ] ConfigLoader                    :407  - echo 'export OTPPI_SOUND_ALERT_TONE="8c2 4c2 16- 8c2 4c2"' >> $HOME/.bashrc
2021-10-07 09:28:52 [INFO  ] ConfigLoader                    :407  - echo 'export OTPPI_SOUND_DISCONNECT_OCTAVE="3"' >> $HOME/.bashrc
2021-10-07 09:28:52 [INFO  ] ConfigLoader                    :407  - echo 'export OTPPI_SOUND_DISCONNECT_TEMPO="80"' >> $HOME/.bashrc
2021-10-07 09:28:52 [INFO  ] ConfigLoader                    :407  - echo 'export OTPPI_SOUND_DISCONNECT_TONE="8c2 4c2 16- 8c2 4c2"' >> $HOME/.bashrc
2021-10-07 09:28:52 [INFO  ] ConfigLoader                    :407  - echo 'export OTPPI_SOUND_ENABLE="true"' >> $HOME/.bashrc
2021-10-07 09:28:52 [INFO  ] ConfigLoader                    :407  - echo 'export OTPPI_SOUND_ERROR_OCTAVE="3"' >> $HOME/.bashrc
2021-10-07 09:28:52 [INFO  ] ConfigLoader                    :407  - echo 'export OTPPI_SOUND_ERROR_TEMPO="80"' >> $HOME/.bashrc
2021-10-07 09:28:52 [INFO  ] ConfigLoader                    :407  - echo 'export OTPPI_SOUND_ERROR_TONE="8c2 4c2 16- 8c2 4c2"' >> $HOME/.bashrc
2021-10-07 09:28:52 [INFO  ] ConfigLoader                    :407  - echo 'export OTPPI_SOUND_PIN="26"' >> $HOME/.bashrc
2021-10-07 09:28:52 [INFO  ] ConfigLoader                    :407  - echo 'export OTPPI_SOUND_TEST_OCTAVE="3"' >> $HOME/.bashrc
2021-10-07 09:28:52 [INFO  ] ConfigLoader                    :407  - echo 'export OTPPI_SOUND_TEST_TEMPO="80"' >> $HOME/.bashrc
2021-10-07 09:28:52 [INFO  ] ConfigLoader                    :407  - echo 'export OTPPI_SOUND_TEST_TONE="16c2 16d2 6e2 8d2 8c2 4d2 4g2 32- 6c2 8c2 8b1 16a1 4b1 4e2 32- 6a1 6b1 6c2 6g1 6b1 8c2 6d2 6e2 8c2 4d2"' >> $HOME/.bashrc
2021-10-07 09:28:52 [INFO  ] ConfigLoader                    :407  - echo 'export OTPPI_SSH_CLEANUP_COMMAND="/bin/bash /var/otp-pi/cleanup.sh"' >> $HOME/.bashrc
2021-10-07 09:28:52 [INFO  ] ConfigLoader                    :407  - echo 'export OTPPI_SSH_ENABLE="false"' >> $HOME/.bashrc
2021-10-07 09:28:52 [INFO  ] ConfigLoader                    :407  - echo 'export OTPPI_SSH_HOST="localhost"' >> $HOME/.bashrc
2021-10-07 09:28:52 [INFO  ] ConfigLoader                    :407  - echo 'export OTPPI_SSH_PASSWORD="centos"' >> $HOME/.bashrc
2021-10-07 09:28:52 [INFO  ] ConfigLoader                    :407  - echo 'export OTPPI_SSH_PING_COMMAND="/bin/curl -X GET http://localhost:8888/ping/"' >> $HOME/.bashrc
2021-10-07 09:28:52 [INFO  ] ConfigLoader                    :407  - echo 'export OTPPI_SSH_PORT="22"' >> $HOME/.bashrc
2021-10-07 09:28:52 [INFO  ] ConfigLoader                    :407  - echo 'export OTPPI_SSH_REBOOT_COMMAND="reboot"' >> $HOME/.bashrc
2021-10-07 09:28:52 [INFO  ] ConfigLoader                    :407  - echo 'export OTPPI_SSH_RESTART_COMMAND="/bin/bash /var/otp-pi/restart.sh"' >> $HOME/.bashrc
2021-10-07 09:28:52 [INFO  ] ConfigLoader                    :407  - echo 'export OTPPI_SSH_SLEEP="10"' >> $HOME/.bashrc
2021-10-07 09:28:52 [INFO  ] ConfigLoader                    :407  - echo 'export OTPPI_SSH_USERNAME="root"' >> $HOME/.bashrc
2021-10-07 09:28:52 [INFO  ] ConfigLoader                    :407  - echo 'export OTPPI_WEB_CACHE_FILE_HTML="true"' >> $HOME/.bashrc
2021-10-07 09:28:52 [INFO  ] ConfigLoader                    :407  - echo 'export OTPPI_WEB_DOCUMENT_ROOT="C:/github/OTP-Pi/resource/www"' >> $HOME/.bashrc
2021-10-07 09:28:52 [INFO  ] ConfigLoader                    :407  - echo 'export OTPPI_WEB_SESSION_FILE_PATH="/resource/session"' >> $HOME/.bashrc
2021-10-07 09:28:52 [INFO  ] ConfigLoader                    :407  - echo 'export OTPPI_WEB_SESSION_LIFETIME="144000000000"' >> $HOME/.bashrc
2021-10-07 09:28:52 [INFO  ] ConfigLoader                    :407  - echo 'export OTPPI_WEB_SESSION_NAME="SMSSESSID"' >> $HOME/.bashrc
2021-10-07 09:28:52 [INFO  ] ConfigLoader                    :407  - echo 'export OTPPI_WVDIAL_COMMAND_CONNECT="/bin/wvdial &"' >> $HOME/.bashrc
2021-10-07 09:28:52 [INFO  ] ConfigLoader                    :407  - echo 'export OTPPI_WVDIAL_COMMAND_DISCONNECT="/bin/pkill wvdial"' >> $HOME/.bashrc
2021-10-07 09:28:52 [INFO  ] ConfigLoader                    :407  - echo 'export OTPPI_WVDIAL_PATH_CONFIG="/etc/wvdial.conf"' >> $HOME/.bashrc
2021-10-07 09:28:52 [INFO  ] ConfigLoader                    :368  - 
List of Unused Config:

2021-10-07 09:28:52 [INFO  ] ConfigLoader                    :373  - otppi.cron.enable.server.status
2021-10-07 09:28:52 [INFO  ] ConfigLoader                    :373  - otppi.cron.expression.amqp
2021-10-07 09:28:52 [INFO  ] ConfigLoader                    :373  - otppi.cron.expression.device
2021-10-07 09:28:52 [INFO  ] ConfigLoader                    :373  - otppi.cron.expression.general
2021-10-07 09:28:52 [INFO  ] ConfigLoader                    :373  - otppi.cron.expression.server.status
2021-10-07 09:28:52 [INFO  ] ConfigLoader                    :373  - otppi.cron.time.resolution
2021-10-07 09:28:52 [INFO  ] ConfigLoader                    :373  - otppi.device.hmac
2021-10-07 09:28:52 [INFO  ] ConfigLoader                    :373  - otppi.device.print.config
2021-10-07 09:28:52 [INFO  ] ConfigLoader                    :373  - otppi.device.secret.key
2021-10-07 09:28:52 [INFO  ] ConfigLoader                    :373  - otppi.sms.debug.read
2021-10-07 09:28:52 [INFO  ] ConfigLoader                    :373  - otppi.ssh.ping.command
2021-10-07 09:28:57 [INFO  ] MessageAPI                      :50   - Topic     : sms
2021-10-07 09:28:57 [INFO  ] MessageAPI                      :51   - Message   : {
    "callback_topic": "modem-list-125022",
    "data": {"date_time": 1633573737},
    "command": "get-modem-list"
}
2021-10-07 09:28:57 [INFO  ] MessageAPI                      :52   - Command   : get-modem-list
2021-10-07 09:28:57 [INFO  ] MessageAPI                      :53   - Date Time : 1633573737
2021-10-07 09:28:57 [INFO  ] MessageAPI                      :96   - List Modem
2021-10-07 09:28:58 [INFO  ] Application                     :190  - Service started
2021-10-07 09:28:59 [INFO  ] MessageAPI                      :50   - Topic     : sms
2021-10-07 09:28:59 [INFO  ] MessageAPI                      :51   - Message   : {
    "callback_topic": "modem-list-939690",
    "data": {"date_time": 1633573739},
    "command": "get-modem-list"
}
2021-10-07 09:28:59 [INFO  ] MessageAPI                      :52   - Command   : get-modem-list
2021-10-07 09:28:59 [INFO  ] MessageAPI                      :53   - Date Time : 1633573739
2021-10-07 09:28:59 [INFO  ] MessageAPI                      :96   - List Modem
2021-10-07 09:29:16 [INFO  ] MessageAPI                      :50   - Topic     : sms
2021-10-07 09:29:16 [INFO  ] MessageAPI                      :51   - Message   : {
    "callback_topic": "modem-list-322950",
    "data": {"date_time": 1633573756},
    "command": "get-modem-list"
}
2021-10-07 09:29:16 [INFO  ] MessageAPI                      :52   - Command   : get-modem-list
2021-10-07 09:29:16 [INFO  ] MessageAPI                      :53   - Date Time : 1633573756
2021-10-07 09:29:16 [INFO  ] MessageAPI                      :96   - List Modem
2021-10-07 09:29:44 [INFO  ] ConfigLoader                    :407  - echo 'export OTPPI_CRON_ENABLE_AMQP="true"' >> $HOME/.bashrc
2021-10-07 09:29:44 [INFO  ] ConfigLoader                    :407  - echo 'export OTPPI_CRON_ENABLE_DDNS="true"' >> $HOME/.bashrc
2021-10-07 09:29:44 [INFO  ] ConfigLoader                    :407  - echo 'export OTPPI_CRON_ENABLE_DEVICE="true"' >> $HOME/.bashrc
2021-10-07 09:29:44 [INFO  ] ConfigLoader                    :407  - echo 'export OTPPI_CRON_ENABLE_NTP="true"' >> $HOME/.bashrc
2021-10-07 09:29:44 [INFO  ] ConfigLoader                    :407  - echo 'export OTPPI_CRON_ENABLE_SERVER_STATUS="true"' >> $HOME/.bashrc
2021-10-07 09:29:44 [INFO  ] ConfigLoader                    :407  - echo 'export OTPPI_CRON_EXPRESSION_AMQP="0 0 * * * ?"' >> $HOME/.bashrc
2021-10-07 09:29:44 [INFO  ] ConfigLoader                    :407  - echo 'export OTPPI_CRON_EXPRESSION_DEVICE="0 0 * * * ?"' >> $HOME/.bashrc
2021-10-07 09:29:44 [INFO  ] ConfigLoader                    :407  - echo 'export OTPPI_CRON_EXPRESSION_GENERAL="*/10 * * * * ?"' >> $HOME/.bashrc
2021-10-07 09:29:44 [INFO  ] ConfigLoader                    :407  - echo 'export OTPPI_CRON_EXPRESSION_SERVER_STATUS="0 */5 * * * ?"' >> $HOME/.bashrc
2021-10-07 09:29:44 [INFO  ] ConfigLoader                    :407  - echo 'export OTPPI_CRON_TIME_RESOLUTION="minute"' >> $HOME/.bashrc
2021-10-07 09:29:44 [INFO  ] ConfigLoader                    :407  - echo 'export OTPPI_DEVICE_HMAC="4194cbdf197b1a281612e14b5d0b68a692fd7f81d6a817d4abcf7977407fa76b196a39519281c68eea98f96dae255753b1f5a9bf69d851ac505ec8e44daedbb7"' >> $HOME/.bashrc
2021-10-07 09:29:44 [INFO  ] ConfigLoader                    :407  - echo 'export OTPPI_DEVICE_IMAGE_NAME="otp.jar"' >> $HOME/.bashrc
2021-10-07 09:29:44 [INFO  ] ConfigLoader                    :407  - echo 'export OTPPI_DEVICE_NAME="OTP Broker"' >> $HOME/.bashrc
2021-10-07 09:29:44 [INFO  ] ConfigLoader                    :407  - echo 'export OTPPI_DEVICE_PRINT_CONFIG="true"' >> $HOME/.bashrc
2021-10-07 09:29:44 [INFO  ] ConfigLoader                    :407  - echo 'export OTPPI_DEVICE_RESET_CONFIG_NAME="reset-config.ini"' >> $HOME/.bashrc
2021-10-07 09:29:44 [INFO  ] ConfigLoader                    :407  - echo 'export OTPPI_DEVICE_RESET_CONFIG_PATH="/otp-pi/reset-config.ini"' >> $HOME/.bashrc
2021-10-07 09:29:44 [INFO  ] ConfigLoader                    :407  - echo 'export OTPPI_DEVICE_RESET_TYPE="RPi"' >> $HOME/.bashrc
2021-10-07 09:29:44 [INFO  ] ConfigLoader                    :407  - echo 'export OTPPI_DEVICE_SECRET_KEY="itI*t7t7ur^%E65eE54ew43wYu9j9J(7r67R"' >> $HOME/.bashrc
2021-10-07 09:29:44 [INFO  ] ConfigLoader                    :407  - echo 'export OTPPI_DEVICE_VERSION="Version 1.0.0"' >> $HOME/.bashrc
2021-10-07 09:29:44 [INFO  ] ConfigLoader                    :407  - echo 'export OTPPI_MODEM_DEBUG="true"' >> $HOME/.bashrc
2021-10-07 09:29:44 [INFO  ] ConfigLoader                    :407  - echo 'export OTPPI_MODEM_INSPECT_INTERVAL="1000"' >> $HOME/.bashrc
2021-10-07 09:29:44 [INFO  ] ConfigLoader                    :407  - echo 'export OTPPI_OTP_CACHE_FILE="/resource/data/otp/otp.json"' >> $HOME/.bashrc
2021-10-07 09:29:44 [INFO  ] ConfigLoader                    :407  - echo 'export OTPPI_OTP_GC_INGTERVAL="60000"' >> $HOME/.bashrc
2021-10-07 09:29:44 [INFO  ] ConfigLoader                    :407  - echo 'export OTPPI_OTP_LENGTH="6"' >> $HOME/.bashrc
2021-10-07 09:29:44 [INFO  ] ConfigLoader                    :407  - echo 'export OTPPI_OTP_LIFETIME="30000"' >> $HOME/.bashrc
2021-10-07 09:29:44 [INFO  ] ConfigLoader                    :407  - echo 'export OTPPI_OTP_SALT="gfiushciyw89erywe98r23r23rj2"' >> $HOME/.bashrc
2021-10-07 09:29:44 [INFO  ] ConfigLoader                    :407  - echo 'export OTPPI_PATH_OS_DHCP="/etc/dhcp/dhcpd.conf"' >> $HOME/.bashrc
2021-10-07 09:29:44 [INFO  ] ConfigLoader                    :407  - echo 'export OTPPI_PATH_OS_ETHERNET="/etc/sysconfig/ifcfg-eth0"' >> $HOME/.bashrc
2021-10-07 09:29:44 [INFO  ] ConfigLoader                    :407  - echo 'export OTPPI_PATH_OS_SSID_KEY="/etc/sysconfig/network-scripts/keys-wlan0"' >> $HOME/.bashrc
2021-10-07 09:29:44 [INFO  ] ConfigLoader                    :407  - echo 'export OTPPI_PATH_OS_WLAN="/etc/sysconfig/network-scripts/ifcfg-wlan0"' >> $HOME/.bashrc
2021-10-07 09:29:44 [INFO  ] ConfigLoader                    :407  - echo 'export OTPPI_PATH_SETTING_ALL="/resource/config/config.ini"' >> $HOME/.bashrc
2021-10-07 09:29:44 [INFO  ] ConfigLoader                    :407  - echo 'export OTPPI_PATH_SETTING_API_SERVICE="/resource/data/api/services.json"' >> $HOME/.bashrc
2021-10-07 09:29:44 [INFO  ] ConfigLoader                    :407  - echo 'export OTPPI_PATH_SETTING_API_USER="/resource/data/api/urses.json"' >> $HOME/.bashrc
2021-10-07 09:29:44 [INFO  ] ConfigLoader                    :407  - echo 'export OTPPI_PATH_SETTING_BASE="C:/github/OTP-Pi"' >> $HOME/.bashrc
2021-10-07 09:29:44 [INFO  ] ConfigLoader                    :407  - echo 'export OTPPI_PATH_SETTING_BELL="/resource/data/bell/bell-config.json"' >> $HOME/.bashrc
2021-10-07 09:29:44 [INFO  ] ConfigLoader                    :407  - echo 'export OTPPI_PATH_SETTING_BLOCKING="/resource/data/api/blocking.json"' >> $HOME/.bashrc
2021-10-07 09:29:44 [INFO  ] ConfigLoader                    :407  - echo 'export OTPPI_PATH_SETTING_DDNS="/resource/data/ddns/ddns.json"' >> $HOME/.bashrc
2021-10-07 09:29:44 [INFO  ] ConfigLoader                    :407  - echo 'export OTPPI_PATH_SETTING_DDNS_AFRAID="/resource/data/ddns/vendor/afraid.json"' >> $HOME/.bashrc
2021-10-07 09:29:44 [INFO  ] ConfigLoader                    :407  - echo 'export OTPPI_PATH_SETTING_DDNS_CLOUDFLARE="/resource/data/ddns/vendor/cloudflare.json"' >> $HOME/.bashrc
2021-10-07 09:29:44 [INFO  ] ConfigLoader                    :407  - echo 'export OTPPI_PATH_SETTING_DDNS_DYNU="/resource/data/ddns/vendor/dynu.json"' >> $HOME/.bashrc
2021-10-07 09:29:44 [INFO  ] ConfigLoader                    :407  - echo 'export OTPPI_PATH_SETTING_DDNS_NOIP="/resource/data/ddns/vendor/noip.json"' >> $HOME/.bashrc
2021-10-07 09:29:44 [INFO  ] ConfigLoader                    :407  - echo 'export OTPPI_PATH_SETTING_DHCP="/resource/data/network/dhcpd.json"' >> $HOME/.bashrc
2021-10-07 09:29:44 [INFO  ] ConfigLoader                    :407  - echo 'export OTPPI_PATH_SETTING_DHCP_DEFAULT="/resource/config/network/dhcpd.json"' >> $HOME/.bashrc
2021-10-07 09:29:44 [INFO  ] ConfigLoader                    :407  - echo 'export OTPPI_PATH_SETTING_EMAIL="/resource/data/email/sender-account.json"' >> $HOME/.bashrc
2021-10-07 09:29:44 [INFO  ] ConfigLoader                    :407  - echo 'export OTPPI_PATH_SETTING_ETHERNET="/resource/data/network/ethernet.json"' >> $HOME/.bashrc
2021-10-07 09:29:44 [INFO  ] ConfigLoader                    :407  - echo 'export OTPPI_PATH_SETTING_ETHERNET_DEFAULT="/resource/config/network/ethernet.json"' >> $HOME/.bashrc
2021-10-07 09:29:44 [INFO  ] ConfigLoader                    :407  - echo 'export OTPPI_PATH_SETTING_FIREWALL="/resource/data/network/firewall.json"' >> $HOME/.bashrc
2021-10-07 09:29:44 [INFO  ] ConfigLoader                    :407  - echo 'export OTPPI_PATH_SETTING_GENERAL="/resource/data/general/general-config.json"' >> $HOME/.bashrc
2021-10-07 09:29:44 [INFO  ] ConfigLoader                    :407  - echo 'export OTPPI_PATH_SETTING_KEYSTORE="/resource/data/keystore/keystores.json"' >> $HOME/.bashrc
2021-10-07 09:29:44 [INFO  ] ConfigLoader                    :407  - echo 'export OTPPI_PATH_SETTING_KEYSTORE_DATA="/resource/data/keystore/data"' >> $HOME/.bashrc
2021-10-07 09:29:44 [INFO  ] ConfigLoader                    :407  - echo 'export OTPPI_PATH_SETTING_MODEM="/resource/data/gsm/devices.json"' >> $HOME/.bashrc
2021-10-07 09:29:44 [INFO  ] ConfigLoader                    :407  - echo 'export OTPPI_PATH_SETTING_SERVER_STATUS="/resource/data/server/server-status.json"' >> $HOME/.bashrc
2021-10-07 09:29:44 [INFO  ] ConfigLoader                    :407  - echo 'export OTPPI_PATH_SETTING_SMS="/resource/data/gsm/sms.json"' >> $HOME/.bashrc
2021-10-07 09:29:44 [INFO  ] ConfigLoader                    :407  - echo 'export OTPPI_PATH_SETTING_SMTP="/resource/data/email/smtp.json"' >> $HOME/.bashrc
2021-10-07 09:29:44 [INFO  ] ConfigLoader                    :407  - echo 'export OTPPI_PATH_SETTING_SUBSCRIBER_AMQP="/resource/data/subscriber/subscriber-amqp.json"' >> $HOME/.bashrc
2021-10-07 09:29:44 [INFO  ] ConfigLoader                    :407  - echo 'export OTPPI_PATH_SETTING_SUBSCRIBER_MQTT="/resource/data/subscriber/subscriber-mqtt.json"' >> $HOME/.bashrc
2021-10-07 09:29:44 [INFO  ] ConfigLoader                    :407  - echo 'export OTPPI_PATH_SETTING_SUBSCRIBER_REDIS="/resource/data/subscriber/subscriber-redis.json"' >> $HOME/.bashrc
2021-10-07 09:29:44 [INFO  ] ConfigLoader                    :407  - echo 'export OTPPI_PATH_SETTING_SUBSCRIBER_WS="/resource/data/subscriber/subscriber-ws.json"' >> $HOME/.bashrc
2021-10-07 09:29:44 [INFO  ] ConfigLoader                    :407  - echo 'export OTPPI_PATH_SETTING_USER="/resource/data/user/urses.json"' >> $HOME/.bashrc
2021-10-07 09:29:44 [INFO  ] ConfigLoader                    :407  - echo 'export OTPPI_PATH_SETTING_WLAN="/resource/data/network/wlan.json"' >> $HOME/.bashrc
2021-10-07 09:29:44 [INFO  ] ConfigLoader                    :407  - echo 'export OTPPI_PATH_SETTING_WLAN_DEFAULT="/resource/config/network/wlan.json"' >> $HOME/.bashrc
2021-10-07 09:29:44 [INFO  ] ConfigLoader                    :407  - echo 'export OTPPI_SERVER_DIR_LOG="C:\bitbucket\OTP-Pi\log"' >> $HOME/.bashrc
2021-10-07 09:29:44 [INFO  ] ConfigLoader                    :407  - echo 'export OTPPI_SERVER_DIR_STORAGE="C:\bitbucket\OTP-Pi\log"' >> $HOME/.bashrc
2021-10-07 09:29:44 [INFO  ] ConfigLoader                    :407  - echo 'export OTPPI_SERVER_LOG_CONFIG_NOT_FOUND="false"' >> $HOME/.bashrc
2021-10-07 09:29:44 [INFO  ] ConfigLoader                    :407  - echo 'export OTPPI_SERVER_PORT="8888"' >> $HOME/.bashrc
2021-10-07 09:29:44 [INFO  ] ConfigLoader                    :407  - echo 'export OTPPI_SMS_DEBUG_READ="true"' >> $HOME/.bashrc
2021-10-07 09:29:44 [INFO  ] ConfigLoader                    :407  - echo 'export OTPPI_SMS_INBOX_STATUS="REC READ"' >> $HOME/.bashrc
2021-10-07 09:29:44 [INFO  ] ConfigLoader                    :407  - echo 'export OTPPI_SMS_INBOX_STORAGE="SM"' >> $HOME/.bashrc
2021-10-07 09:29:44 [INFO  ] ConfigLoader                    :407  - echo 'export OTPPI_SMS_PATH_LOG="C:/github/OTP-Pi/resource/data/report/outbox"' >> $HOME/.bashrc
2021-10-07 09:29:44 [INFO  ] ConfigLoader                    :407  - echo 'export OTPPI_SMS_SHOW_TRAFIC="true"' >> $HOME/.bashrc
2021-10-07 09:29:44 [INFO  ] ConfigLoader                    :407  - echo 'export OTPPI_SOUND_ALERT_OCTAVE="3"' >> $HOME/.bashrc
2021-10-07 09:29:44 [INFO  ] ConfigLoader                    :407  - echo 'export OTPPI_SOUND_ALERT_TEMPO="80"' >> $HOME/.bashrc
2021-10-07 09:29:44 [INFO  ] ConfigLoader                    :407  - echo 'export OTPPI_SOUND_ALERT_TONE="8c2 4c2 16- 8c2 4c2"' >> $HOME/.bashrc
2021-10-07 09:29:44 [INFO  ] ConfigLoader                    :407  - echo 'export OTPPI_SOUND_DISCONNECT_OCTAVE="3"' >> $HOME/.bashrc
2021-10-07 09:29:44 [INFO  ] ConfigLoader                    :407  - echo 'export OTPPI_SOUND_DISCONNECT_TEMPO="80"' >> $HOME/.bashrc
2021-10-07 09:29:44 [INFO  ] ConfigLoader                    :407  - echo 'export OTPPI_SOUND_DISCONNECT_TONE="8c2 4c2 16- 8c2 4c2"' >> $HOME/.bashrc
2021-10-07 09:29:44 [INFO  ] ConfigLoader                    :407  - echo 'export OTPPI_SOUND_ENABLE="true"' >> $HOME/.bashrc
2021-10-07 09:29:44 [INFO  ] ConfigLoader                    :407  - echo 'export OTPPI_SOUND_ERROR_OCTAVE="3"' >> $HOME/.bashrc
2021-10-07 09:29:44 [INFO  ] ConfigLoader                    :407  - echo 'export OTPPI_SOUND_ERROR_TEMPO="80"' >> $HOME/.bashrc
2021-10-07 09:29:44 [INFO  ] ConfigLoader                    :407  - echo 'export OTPPI_SOUND_ERROR_TONE="8c2 4c2 16- 8c2 4c2"' >> $HOME/.bashrc
2021-10-07 09:29:44 [INFO  ] ConfigLoader                    :407  - echo 'export OTPPI_SOUND_PIN="26"' >> $HOME/.bashrc
2021-10-07 09:29:44 [INFO  ] ConfigLoader                    :407  - echo 'export OTPPI_SOUND_TEST_OCTAVE="3"' >> $HOME/.bashrc
2021-10-07 09:29:44 [INFO  ] ConfigLoader                    :407  - echo 'export OTPPI_SOUND_TEST_TEMPO="80"' >> $HOME/.bashrc
2021-10-07 09:29:44 [INFO  ] ConfigLoader                    :407  - echo 'export OTPPI_SOUND_TEST_TONE="16c2 16d2 6e2 8d2 8c2 4d2 4g2 32- 6c2 8c2 8b1 16a1 4b1 4e2 32- 6a1 6b1 6c2 6g1 6b1 8c2 6d2 6e2 8c2 4d2"' >> $HOME/.bashrc
2021-10-07 09:29:44 [INFO  ] ConfigLoader                    :407  - echo 'export OTPPI_SSH_CLEANUP_COMMAND="/bin/bash /var/otp-pi/cleanup.sh"' >> $HOME/.bashrc
2021-10-07 09:29:44 [INFO  ] ConfigLoader                    :407  - echo 'export OTPPI_SSH_ENABLE="false"' >> $HOME/.bashrc
2021-10-07 09:29:44 [INFO  ] ConfigLoader                    :407  - echo 'export OTPPI_SSH_HOST="localhost"' >> $HOME/.bashrc
2021-10-07 09:29:44 [INFO  ] ConfigLoader                    :407  - echo 'export OTPPI_SSH_PASSWORD="centos"' >> $HOME/.bashrc
2021-10-07 09:29:44 [INFO  ] ConfigLoader                    :407  - echo 'export OTPPI_SSH_PING_COMMAND="/bin/curl -X GET http://localhost:8888/ping/"' >> $HOME/.bashrc
2021-10-07 09:29:44 [INFO  ] ConfigLoader                    :407  - echo 'export OTPPI_SSH_PORT="22"' >> $HOME/.bashrc
2021-10-07 09:29:44 [INFO  ] ConfigLoader                    :407  - echo 'export OTPPI_SSH_REBOOT_COMMAND="reboot"' >> $HOME/.bashrc
2021-10-07 09:29:44 [INFO  ] ConfigLoader                    :407  - echo 'export OTPPI_SSH_RESTART_COMMAND="/bin/bash /var/otp-pi/restart.sh"' >> $HOME/.bashrc
2021-10-07 09:29:44 [INFO  ] ConfigLoader                    :407  - echo 'export OTPPI_SSH_SLEEP="10"' >> $HOME/.bashrc
2021-10-07 09:29:44 [INFO  ] ConfigLoader                    :407  - echo 'export OTPPI_SSH_USERNAME="root"' >> $HOME/.bashrc
2021-10-07 09:29:44 [INFO  ] ConfigLoader                    :407  - echo 'export OTPPI_WEB_CACHE_FILE_HTML="true"' >> $HOME/.bashrc
2021-10-07 09:29:44 [INFO  ] ConfigLoader                    :407  - echo 'export OTPPI_WEB_DOCUMENT_ROOT="C:/github/OTP-Pi/resource/www"' >> $HOME/.bashrc
2021-10-07 09:29:44 [INFO  ] ConfigLoader                    :407  - echo 'export OTPPI_WEB_SESSION_FILE_PATH="/resource/session"' >> $HOME/.bashrc
2021-10-07 09:29:44 [INFO  ] ConfigLoader                    :407  - echo 'export OTPPI_WEB_SESSION_LIFETIME="144000000000"' >> $HOME/.bashrc
2021-10-07 09:29:44 [INFO  ] ConfigLoader                    :407  - echo 'export OTPPI_WEB_SESSION_NAME="SMSSESSID"' >> $HOME/.bashrc
2021-10-07 09:29:44 [INFO  ] ConfigLoader                    :407  - echo 'export OTPPI_WVDIAL_COMMAND_CONNECT="/bin/wvdial &"' >> $HOME/.bashrc
2021-10-07 09:29:44 [INFO  ] ConfigLoader                    :407  - echo 'export OTPPI_WVDIAL_COMMAND_DISCONNECT="/bin/pkill wvdial"' >> $HOME/.bashrc
2021-10-07 09:29:44 [INFO  ] ConfigLoader                    :407  - echo 'export OTPPI_WVDIAL_PATH_CONFIG="/etc/wvdial.conf"' >> $HOME/.bashrc
2021-10-07 09:29:44 [INFO  ] ConfigLoader                    :368  - 
List of Unused Config:

2021-10-07 09:29:44 [INFO  ] ConfigLoader                    :373  - otppi.cron.enable.server.status
2021-10-07 09:29:44 [INFO  ] ConfigLoader                    :373  - otppi.cron.expression.amqp
2021-10-07 09:29:44 [INFO  ] ConfigLoader                    :373  - otppi.cron.expression.device
2021-10-07 09:29:44 [INFO  ] ConfigLoader                    :373  - otppi.cron.expression.general
2021-10-07 09:29:44 [INFO  ] ConfigLoader                    :373  - otppi.cron.expression.server.status
2021-10-07 09:29:44 [INFO  ] ConfigLoader                    :373  - otppi.cron.time.resolution
2021-10-07 09:29:44 [INFO  ] ConfigLoader                    :373  - otppi.device.hmac
2021-10-07 09:29:44 [INFO  ] ConfigLoader                    :373  - otppi.device.print.config
2021-10-07 09:29:44 [INFO  ] ConfigLoader                    :373  - otppi.device.secret.key
2021-10-07 09:29:44 [INFO  ] ConfigLoader                    :373  - otppi.sms.debug.read
2021-10-07 09:29:44 [INFO  ] ConfigLoader                    :373  - otppi.ssh.ping.command
2021-10-07 09:29:46 [INFO  ] MessageAPI                      :50   - Topic     : sms
2021-10-07 09:29:46 [INFO  ] MessageAPI                      :51   - Message   : {
    "callback_topic": "modem-list-272880",
    "data": {"date_time": 1633573786},
    "command": "get-modem-list"
}
2021-10-07 09:29:46 [INFO  ] MessageAPI                      :52   - Command   : get-modem-list
2021-10-07 09:29:46 [INFO  ] MessageAPI                      :53   - Date Time : 1633573786
2021-10-07 09:29:46 [INFO  ] MessageAPI                      :96   - List Modem
2021-10-07 09:29:47 [INFO  ] MessageAPI                      :50   - Topic     : sms
2021-10-07 09:29:47 [INFO  ] MessageAPI                      :51   - Message   : {
    "callback_topic": "modem-list-732561",
    "data": {"date_time": 1633573787},
    "command": "get-modem-list"
}
2021-10-07 09:29:47 [INFO  ] MessageAPI                      :52   - Command   : get-modem-list
2021-10-07 09:29:47 [INFO  ] MessageAPI                      :53   - Date Time : 1633573787
2021-10-07 09:29:47 [INFO  ] MessageAPI                      :96   - List Modem
2021-10-07 09:29:48 [INFO  ] MessageAPI                      :50   - Topic     : sms
2021-10-07 09:29:48 [INFO  ] MessageAPI                      :51   - Message   : {
    "callback_topic": "modem-list-533974",
    "data": {"date_time": 1633573788},
    "command": "get-modem-list"
}
2021-10-07 09:29:48 [INFO  ] MessageAPI                      :52   - Command   : get-modem-list
2021-10-07 09:29:48 [INFO  ] MessageAPI                      :53   - Date Time : 1633573788
2021-10-07 09:29:48 [INFO  ] MessageAPI                      :96   - List Modem
2021-10-07 09:29:50 [INFO  ] MessageAPI                      :50   - Topic     : sms
2021-10-07 09:29:50 [INFO  ] MessageAPI                      :51   - Message   : {
    "callback_topic": "modem-list-492599",
    "data": {"date_time": 1633573790},
    "command": "get-modem-list"
}
2021-10-07 09:29:50 [INFO  ] MessageAPI                      :52   - Command   : get-modem-list
2021-10-07 09:29:50 [INFO  ] MessageAPI                      :53   - Date Time : 1633573790
2021-10-07 09:29:50 [INFO  ] MessageAPI                      :96   - List Modem
2021-10-07 09:29:50 [INFO  ] Application                     :190  - Service started
2021-10-07 09:29:51 [INFO  ] MessageAPI                      :50   - Topic     : sms
2021-10-07 09:29:51 [INFO  ] MessageAPI                      :51   - Message   : {
    "callback_topic": "modem-list-369814",
    "data": {"date_time": 1633573791},
    "command": "get-modem-list"
}
2021-10-07 09:29:51 [INFO  ] MessageAPI                      :52   - Command   : get-modem-list
2021-10-07 09:29:51 [INFO  ] MessageAPI                      :53   - Date Time : 1633573791
2021-10-07 09:29:51 [INFO  ] MessageAPI                      :96   - List Modem
2021-10-07 09:30:41 [INFO  ] ConfigLoader                    :407  - echo 'export OTPPI_CRON_ENABLE_AMQP="true"' >> $HOME/.bashrc
2021-10-07 09:30:41 [INFO  ] ConfigLoader                    :407  - echo 'export OTPPI_CRON_ENABLE_DDNS="true"' >> $HOME/.bashrc
2021-10-07 09:30:41 [INFO  ] ConfigLoader                    :407  - echo 'export OTPPI_CRON_ENABLE_DEVICE="true"' >> $HOME/.bashrc
2021-10-07 09:30:41 [INFO  ] ConfigLoader                    :407  - echo 'export OTPPI_CRON_ENABLE_NTP="true"' >> $HOME/.bashrc
2021-10-07 09:30:41 [INFO  ] ConfigLoader                    :407  - echo 'export OTPPI_CRON_ENABLE_SERVER_STATUS="true"' >> $HOME/.bashrc
2021-10-07 09:30:41 [INFO  ] ConfigLoader                    :407  - echo 'export OTPPI_CRON_EXPRESSION_AMQP="0 0 * * * ?"' >> $HOME/.bashrc
2021-10-07 09:30:41 [INFO  ] ConfigLoader                    :407  - echo 'export OTPPI_CRON_EXPRESSION_DEVICE="0 0 * * * ?"' >> $HOME/.bashrc
2021-10-07 09:30:41 [INFO  ] ConfigLoader                    :407  - echo 'export OTPPI_CRON_EXPRESSION_GENERAL="*/10 * * * * ?"' >> $HOME/.bashrc
2021-10-07 09:30:41 [INFO  ] ConfigLoader                    :407  - echo 'export OTPPI_CRON_EXPRESSION_SERVER_STATUS="0 */5 * * * ?"' >> $HOME/.bashrc
2021-10-07 09:30:41 [INFO  ] ConfigLoader                    :407  - echo 'export OTPPI_CRON_TIME_RESOLUTION="minute"' >> $HOME/.bashrc
2021-10-07 09:30:41 [INFO  ] ConfigLoader                    :407  - echo 'export OTPPI_DEVICE_HMAC="4194cbdf197b1a281612e14b5d0b68a692fd7f81d6a817d4abcf7977407fa76b196a39519281c68eea98f96dae255753b1f5a9bf69d851ac505ec8e44daedbb7"' >> $HOME/.bashrc
2021-10-07 09:30:41 [INFO  ] ConfigLoader                    :407  - echo 'export OTPPI_DEVICE_IMAGE_NAME="otp.jar"' >> $HOME/.bashrc
2021-10-07 09:30:41 [INFO  ] ConfigLoader                    :407  - echo 'export OTPPI_DEVICE_NAME="OTP Broker"' >> $HOME/.bashrc
2021-10-07 09:30:41 [INFO  ] ConfigLoader                    :407  - echo 'export OTPPI_DEVICE_PRINT_CONFIG="true"' >> $HOME/.bashrc
2021-10-07 09:30:41 [INFO  ] ConfigLoader                    :407  - echo 'export OTPPI_DEVICE_RESET_CONFIG_NAME="reset-config.ini"' >> $HOME/.bashrc
2021-10-07 09:30:41 [INFO  ] ConfigLoader                    :407  - echo 'export OTPPI_DEVICE_RESET_CONFIG_PATH="/otp-pi/reset-config.ini"' >> $HOME/.bashrc
2021-10-07 09:30:41 [INFO  ] ConfigLoader                    :407  - echo 'export OTPPI_DEVICE_RESET_TYPE="RPi"' >> $HOME/.bashrc
2021-10-07 09:30:41 [INFO  ] ConfigLoader                    :407  - echo 'export OTPPI_DEVICE_SECRET_KEY="itI*t7t7ur^%E65eE54ew43wYu9j9J(7r67R"' >> $HOME/.bashrc
2021-10-07 09:30:41 [INFO  ] ConfigLoader                    :407  - echo 'export OTPPI_DEVICE_VERSION="Version 1.0.0"' >> $HOME/.bashrc
2021-10-07 09:30:41 [INFO  ] ConfigLoader                    :407  - echo 'export OTPPI_MODEM_DEBUG="true"' >> $HOME/.bashrc
2021-10-07 09:30:41 [INFO  ] ConfigLoader                    :407  - echo 'export OTPPI_MODEM_INSPECT_INTERVAL="1000"' >> $HOME/.bashrc
2021-10-07 09:30:41 [INFO  ] ConfigLoader                    :407  - echo 'export OTPPI_OTP_CACHE_FILE="/resource/data/otp/otp.json"' >> $HOME/.bashrc
2021-10-07 09:30:41 [INFO  ] ConfigLoader                    :407  - echo 'export OTPPI_OTP_GC_INGTERVAL="60000"' >> $HOME/.bashrc
2021-10-07 09:30:41 [INFO  ] ConfigLoader                    :407  - echo 'export OTPPI_OTP_LENGTH="6"' >> $HOME/.bashrc
2021-10-07 09:30:41 [INFO  ] ConfigLoader                    :407  - echo 'export OTPPI_OTP_LIFETIME="30000"' >> $HOME/.bashrc
2021-10-07 09:30:41 [INFO  ] ConfigLoader                    :407  - echo 'export OTPPI_OTP_SALT="gfiushciyw89erywe98r23r23rj2"' >> $HOME/.bashrc
2021-10-07 09:30:41 [INFO  ] ConfigLoader                    :407  - echo 'export OTPPI_PATH_OS_DHCP="/etc/dhcp/dhcpd.conf"' >> $HOME/.bashrc
2021-10-07 09:30:41 [INFO  ] ConfigLoader                    :407  - echo 'export OTPPI_PATH_OS_ETHERNET="/etc/sysconfig/ifcfg-eth0"' >> $HOME/.bashrc
2021-10-07 09:30:41 [INFO  ] ConfigLoader                    :407  - echo 'export OTPPI_PATH_OS_SSID_KEY="/etc/sysconfig/network-scripts/keys-wlan0"' >> $HOME/.bashrc
2021-10-07 09:30:41 [INFO  ] ConfigLoader                    :407  - echo 'export OTPPI_PATH_OS_WLAN="/etc/sysconfig/network-scripts/ifcfg-wlan0"' >> $HOME/.bashrc
2021-10-07 09:30:41 [INFO  ] ConfigLoader                    :407  - echo 'export OTPPI_PATH_SETTING_ALL="/resource/config/config.ini"' >> $HOME/.bashrc
2021-10-07 09:30:41 [INFO  ] ConfigLoader                    :407  - echo 'export OTPPI_PATH_SETTING_API_SERVICE="/resource/data/api/services.json"' >> $HOME/.bashrc
2021-10-07 09:30:41 [INFO  ] ConfigLoader                    :407  - echo 'export OTPPI_PATH_SETTING_API_USER="/resource/data/api/urses.json"' >> $HOME/.bashrc
2021-10-07 09:30:41 [INFO  ] ConfigLoader                    :407  - echo 'export OTPPI_PATH_SETTING_BASE="C:/github/OTP-Pi"' >> $HOME/.bashrc
2021-10-07 09:30:41 [INFO  ] ConfigLoader                    :407  - echo 'export OTPPI_PATH_SETTING_BELL="/resource/data/bell/bell-config.json"' >> $HOME/.bashrc
2021-10-07 09:30:41 [INFO  ] ConfigLoader                    :407  - echo 'export OTPPI_PATH_SETTING_BLOCKING="/resource/data/api/blocking.json"' >> $HOME/.bashrc
2021-10-07 09:30:41 [INFO  ] ConfigLoader                    :407  - echo 'export OTPPI_PATH_SETTING_DDNS="/resource/data/ddns/ddns.json"' >> $HOME/.bashrc
2021-10-07 09:30:41 [INFO  ] ConfigLoader                    :407  - echo 'export OTPPI_PATH_SETTING_DDNS_AFRAID="/resource/data/ddns/vendor/afraid.json"' >> $HOME/.bashrc
2021-10-07 09:30:41 [INFO  ] ConfigLoader                    :407  - echo 'export OTPPI_PATH_SETTING_DDNS_CLOUDFLARE="/resource/data/ddns/vendor/cloudflare.json"' >> $HOME/.bashrc
2021-10-07 09:30:41 [INFO  ] ConfigLoader                    :407  - echo 'export OTPPI_PATH_SETTING_DDNS_DYNU="/resource/data/ddns/vendor/dynu.json"' >> $HOME/.bashrc
2021-10-07 09:30:41 [INFO  ] ConfigLoader                    :407  - echo 'export OTPPI_PATH_SETTING_DDNS_NOIP="/resource/data/ddns/vendor/noip.json"' >> $HOME/.bashrc
2021-10-07 09:30:41 [INFO  ] ConfigLoader                    :407  - echo 'export OTPPI_PATH_SETTING_DHCP="/resource/data/network/dhcpd.json"' >> $HOME/.bashrc
2021-10-07 09:30:41 [INFO  ] ConfigLoader                    :407  - echo 'export OTPPI_PATH_SETTING_DHCP_DEFAULT="/resource/config/network/dhcpd.json"' >> $HOME/.bashrc
2021-10-07 09:30:41 [INFO  ] ConfigLoader                    :407  - echo 'export OTPPI_PATH_SETTING_EMAIL="/resource/data/email/sender-account.json"' >> $HOME/.bashrc
2021-10-07 09:30:41 [INFO  ] ConfigLoader                    :407  - echo 'export OTPPI_PATH_SETTING_ETHERNET="/resource/data/network/ethernet.json"' >> $HOME/.bashrc
2021-10-07 09:30:41 [INFO  ] ConfigLoader                    :407  - echo 'export OTPPI_PATH_SETTING_ETHERNET_DEFAULT="/resource/config/network/ethernet.json"' >> $HOME/.bashrc
2021-10-07 09:30:41 [INFO  ] ConfigLoader                    :407  - echo 'export OTPPI_PATH_SETTING_FIREWALL="/resource/data/network/firewall.json"' >> $HOME/.bashrc
2021-10-07 09:30:41 [INFO  ] ConfigLoader                    :407  - echo 'export OTPPI_PATH_SETTING_GENERAL="/resource/data/general/general-config.json"' >> $HOME/.bashrc
2021-10-07 09:30:41 [INFO  ] ConfigLoader                    :407  - echo 'export OTPPI_PATH_SETTING_KEYSTORE="/resource/data/keystore/keystores.json"' >> $HOME/.bashrc
2021-10-07 09:30:41 [INFO  ] ConfigLoader                    :407  - echo 'export OTPPI_PATH_SETTING_KEYSTORE_DATA="/resource/data/keystore/data"' >> $HOME/.bashrc
2021-10-07 09:30:41 [INFO  ] ConfigLoader                    :407  - echo 'export OTPPI_PATH_SETTING_MODEM="/resource/data/gsm/devices.json"' >> $HOME/.bashrc
2021-10-07 09:30:41 [INFO  ] ConfigLoader                    :407  - echo 'export OTPPI_PATH_SETTING_SERVER_STATUS="/resource/data/server/server-status.json"' >> $HOME/.bashrc
2021-10-07 09:30:41 [INFO  ] ConfigLoader                    :407  - echo 'export OTPPI_PATH_SETTING_SMS="/resource/data/gsm/sms.json"' >> $HOME/.bashrc
2021-10-07 09:30:41 [INFO  ] ConfigLoader                    :407  - echo 'export OTPPI_PATH_SETTING_SMTP="/resource/data/email/smtp.json"' >> $HOME/.bashrc
2021-10-07 09:30:41 [INFO  ] ConfigLoader                    :407  - echo 'export OTPPI_PATH_SETTING_SUBSCRIBER_AMQP="/resource/data/subscriber/subscriber-amqp.json"' >> $HOME/.bashrc
2021-10-07 09:30:41 [INFO  ] ConfigLoader                    :407  - echo 'export OTPPI_PATH_SETTING_SUBSCRIBER_MQTT="/resource/data/subscriber/subscriber-mqtt.json"' >> $HOME/.bashrc
2021-10-07 09:30:41 [INFO  ] ConfigLoader                    :407  - echo 'export OTPPI_PATH_SETTING_SUBSCRIBER_REDIS="/resource/data/subscriber/subscriber-redis.json"' >> $HOME/.bashrc
2021-10-07 09:30:41 [INFO  ] ConfigLoader                    :407  - echo 'export OTPPI_PATH_SETTING_SUBSCRIBER_WS="/resource/data/subscriber/subscriber-ws.json"' >> $HOME/.bashrc
2021-10-07 09:30:41 [INFO  ] ConfigLoader                    :407  - echo 'export OTPPI_PATH_SETTING_USER="/resource/data/user/urses.json"' >> $HOME/.bashrc
2021-10-07 09:30:41 [INFO  ] ConfigLoader                    :407  - echo 'export OTPPI_PATH_SETTING_WLAN="/resource/data/network/wlan.json"' >> $HOME/.bashrc
2021-10-07 09:30:41 [INFO  ] ConfigLoader                    :407  - echo 'export OTPPI_PATH_SETTING_WLAN_DEFAULT="/resource/config/network/wlan.json"' >> $HOME/.bashrc
2021-10-07 09:30:41 [INFO  ] ConfigLoader                    :407  - echo 'export OTPPI_SERVER_DIR_LOG="C:\bitbucket\OTP-Pi\log"' >> $HOME/.bashrc
2021-10-07 09:30:41 [INFO  ] ConfigLoader                    :407  - echo 'export OTPPI_SERVER_DIR_STORAGE="C:\bitbucket\OTP-Pi\log"' >> $HOME/.bashrc
2021-10-07 09:30:41 [INFO  ] ConfigLoader                    :407  - echo 'export OTPPI_SERVER_LOG_CONFIG_NOT_FOUND="false"' >> $HOME/.bashrc
2021-10-07 09:30:41 [INFO  ] ConfigLoader                    :407  - echo 'export OTPPI_SERVER_PORT="8888"' >> $HOME/.bashrc
2021-10-07 09:30:41 [INFO  ] ConfigLoader                    :407  - echo 'export OTPPI_SMS_DEBUG_READ="true"' >> $HOME/.bashrc
2021-10-07 09:30:41 [INFO  ] ConfigLoader                    :407  - echo 'export OTPPI_SMS_INBOX_STATUS="REC READ"' >> $HOME/.bashrc
2021-10-07 09:30:41 [INFO  ] ConfigLoader                    :407  - echo 'export OTPPI_SMS_INBOX_STORAGE="SM"' >> $HOME/.bashrc
2021-10-07 09:30:41 [INFO  ] ConfigLoader                    :407  - echo 'export OTPPI_SMS_PATH_LOG="C:/github/OTP-Pi/resource/data/report/outbox"' >> $HOME/.bashrc
2021-10-07 09:30:41 [INFO  ] ConfigLoader                    :407  - echo 'export OTPPI_SMS_SHOW_TRAFIC="true"' >> $HOME/.bashrc
2021-10-07 09:30:41 [INFO  ] ConfigLoader                    :407  - echo 'export OTPPI_SOUND_ALERT_OCTAVE="3"' >> $HOME/.bashrc
2021-10-07 09:30:41 [INFO  ] ConfigLoader                    :407  - echo 'export OTPPI_SOUND_ALERT_TEMPO="80"' >> $HOME/.bashrc
2021-10-07 09:30:41 [INFO  ] ConfigLoader                    :407  - echo 'export OTPPI_SOUND_ALERT_TONE="8c2 4c2 16- 8c2 4c2"' >> $HOME/.bashrc
2021-10-07 09:30:41 [INFO  ] ConfigLoader                    :407  - echo 'export OTPPI_SOUND_DISCONNECT_OCTAVE="3"' >> $HOME/.bashrc
2021-10-07 09:30:41 [INFO  ] ConfigLoader                    :407  - echo 'export OTPPI_SOUND_DISCONNECT_TEMPO="80"' >> $HOME/.bashrc
2021-10-07 09:30:41 [INFO  ] ConfigLoader                    :407  - echo 'export OTPPI_SOUND_DISCONNECT_TONE="8c2 4c2 16- 8c2 4c2"' >> $HOME/.bashrc
2021-10-07 09:30:41 [INFO  ] ConfigLoader                    :407  - echo 'export OTPPI_SOUND_ENABLE="true"' >> $HOME/.bashrc
2021-10-07 09:30:41 [INFO  ] ConfigLoader                    :407  - echo 'export OTPPI_SOUND_ERROR_OCTAVE="3"' >> $HOME/.bashrc
2021-10-07 09:30:41 [INFO  ] ConfigLoader                    :407  - echo 'export OTPPI_SOUND_ERROR_TEMPO="80"' >> $HOME/.bashrc
2021-10-07 09:30:41 [INFO  ] ConfigLoader                    :407  - echo 'export OTPPI_SOUND_ERROR_TONE="8c2 4c2 16- 8c2 4c2"' >> $HOME/.bashrc
2021-10-07 09:30:41 [INFO  ] ConfigLoader                    :407  - echo 'export OTPPI_SOUND_PIN="26"' >> $HOME/.bashrc
2021-10-07 09:30:41 [INFO  ] ConfigLoader                    :407  - echo 'export OTPPI_SOUND_TEST_OCTAVE="3"' >> $HOME/.bashrc
2021-10-07 09:30:41 [INFO  ] ConfigLoader                    :407  - echo 'export OTPPI_SOUND_TEST_TEMPO="80"' >> $HOME/.bashrc
2021-10-07 09:30:41 [INFO  ] ConfigLoader                    :407  - echo 'export OTPPI_SOUND_TEST_TONE="16c2 16d2 6e2 8d2 8c2 4d2 4g2 32- 6c2 8c2 8b1 16a1 4b1 4e2 32- 6a1 6b1 6c2 6g1 6b1 8c2 6d2 6e2 8c2 4d2"' >> $HOME/.bashrc
2021-10-07 09:30:41 [INFO  ] ConfigLoader                    :407  - echo 'export OTPPI_SSH_CLEANUP_COMMAND="/bin/bash /var/otp-pi/cleanup.sh"' >> $HOME/.bashrc
2021-10-07 09:30:41 [INFO  ] ConfigLoader                    :407  - echo 'export OTPPI_SSH_ENABLE="false"' >> $HOME/.bashrc
2021-10-07 09:30:41 [INFO  ] ConfigLoader                    :407  - echo 'export OTPPI_SSH_HOST="localhost"' >> $HOME/.bashrc
2021-10-07 09:30:41 [INFO  ] ConfigLoader                    :407  - echo 'export OTPPI_SSH_PASSWORD="centos"' >> $HOME/.bashrc
2021-10-07 09:30:41 [INFO  ] ConfigLoader                    :407  - echo 'export OTPPI_SSH_PING_COMMAND="/bin/curl -X GET http://localhost:8888/ping/"' >> $HOME/.bashrc
2021-10-07 09:30:41 [INFO  ] ConfigLoader                    :407  - echo 'export OTPPI_SSH_PORT="22"' >> $HOME/.bashrc
2021-10-07 09:30:41 [INFO  ] ConfigLoader                    :407  - echo 'export OTPPI_SSH_REBOOT_COMMAND="reboot"' >> $HOME/.bashrc
2021-10-07 09:30:41 [INFO  ] ConfigLoader                    :407  - echo 'export OTPPI_SSH_RESTART_COMMAND="/bin/bash /var/otp-pi/restart.sh"' >> $HOME/.bashrc
2021-10-07 09:30:41 [INFO  ] ConfigLoader                    :407  - echo 'export OTPPI_SSH_SLEEP="10"' >> $HOME/.bashrc
2021-10-07 09:30:41 [INFO  ] ConfigLoader                    :407  - echo 'export OTPPI_SSH_USERNAME="root"' >> $HOME/.bashrc
2021-10-07 09:30:41 [INFO  ] ConfigLoader                    :407  - echo 'export OTPPI_WEB_CACHE_FILE_HTML="true"' >> $HOME/.bashrc
2021-10-07 09:30:41 [INFO  ] ConfigLoader                    :407  - echo 'export OTPPI_WEB_DOCUMENT_ROOT="C:/github/OTP-Pi/resource/www"' >> $HOME/.bashrc
2021-10-07 09:30:41 [INFO  ] ConfigLoader                    :407  - echo 'export OTPPI_WEB_SESSION_FILE_PATH="/resource/session"' >> $HOME/.bashrc
2021-10-07 09:30:41 [INFO  ] ConfigLoader                    :407  - echo 'export OTPPI_WEB_SESSION_LIFETIME="144000000000"' >> $HOME/.bashrc
2021-10-07 09:30:41 [INFO  ] ConfigLoader                    :407  - echo 'export OTPPI_WEB_SESSION_NAME="SMSSESSID"' >> $HOME/.bashrc
2021-10-07 09:30:41 [INFO  ] ConfigLoader                    :407  - echo 'export OTPPI_WVDIAL_COMMAND_CONNECT="/bin/wvdial &"' >> $HOME/.bashrc
2021-10-07 09:30:41 [INFO  ] ConfigLoader                    :407  - echo 'export OTPPI_WVDIAL_COMMAND_DISCONNECT="/bin/pkill wvdial"' >> $HOME/.bashrc
2021-10-07 09:30:41 [INFO  ] ConfigLoader                    :407  - echo 'export OTPPI_WVDIAL_PATH_CONFIG="/etc/wvdial.conf"' >> $HOME/.bashrc
2021-10-07 09:30:41 [INFO  ] ConfigLoader                    :368  - 
List of Unused Config:

2021-10-07 09:30:41 [INFO  ] ConfigLoader                    :373  - otppi.cron.enable.server.status
2021-10-07 09:30:41 [INFO  ] ConfigLoader                    :373  - otppi.cron.expression.amqp
2021-10-07 09:30:41 [INFO  ] ConfigLoader                    :373  - otppi.cron.expression.device
2021-10-07 09:30:41 [INFO  ] ConfigLoader                    :373  - otppi.cron.expression.general
2021-10-07 09:30:41 [INFO  ] ConfigLoader                    :373  - otppi.cron.expression.server.status
2021-10-07 09:30:41 [INFO  ] ConfigLoader                    :373  - otppi.cron.time.resolution
2021-10-07 09:30:41 [INFO  ] ConfigLoader                    :373  - otppi.device.hmac
2021-10-07 09:30:41 [INFO  ] ConfigLoader                    :373  - otppi.device.print.config
2021-10-07 09:30:41 [INFO  ] ConfigLoader                    :373  - otppi.device.secret.key
2021-10-07 09:30:41 [INFO  ] ConfigLoader                    :373  - otppi.sms.debug.read
2021-10-07 09:30:41 [INFO  ] ConfigLoader                    :373  - otppi.ssh.ping.command
2021-10-07 09:30:41 [INFO  ] MessageAPI                      :50   - Topic     : sms
2021-10-07 09:30:41 [INFO  ] MessageAPI                      :51   - Message   : {
    "callback_topic": "modem-list-807759",
    "data": {"date_time": 1633573841},
    "command": "get-modem-list"
}
2021-10-07 09:30:41 [INFO  ] MessageAPI                      :52   - Command   : get-modem-list
2021-10-07 09:30:41 [INFO  ] MessageAPI                      :53   - Date Time : 1633573841
2021-10-07 09:30:41 [INFO  ] MessageAPI                      :96   - List Modem
2021-10-07 09:30:42 [INFO  ] MessageAPI                      :50   - Topic     : sms
2021-10-07 09:30:42 [INFO  ] MessageAPI                      :51   - Message   : {
    "callback_topic": "modem-list-745116",
    "data": {"date_time": 1633573842},
    "command": "get-modem-list"
}
2021-10-07 09:30:42 [INFO  ] MessageAPI                      :52   - Command   : get-modem-list
2021-10-07 09:30:42 [INFO  ] MessageAPI                      :53   - Date Time : 1633573842
2021-10-07 09:30:42 [INFO  ] MessageAPI                      :96   - List Modem
2021-10-07 09:30:43 [INFO  ] MessageAPI                      :50   - Topic     : sms
2021-10-07 09:30:43 [INFO  ] MessageAPI                      :51   - Message   : {
    "callback_topic": "modem-list-364846",
    "data": {"date_time": 1633573843},
    "command": "get-modem-list"
}
2021-10-07 09:30:43 [INFO  ] MessageAPI                      :52   - Command   : get-modem-list
2021-10-07 09:30:43 [INFO  ] MessageAPI                      :53   - Date Time : 1633573843
2021-10-07 09:30:43 [INFO  ] MessageAPI                      :96   - List Modem
2021-10-07 09:30:46 [INFO  ] Application                     :190  - Service started
2021-10-07 09:30:47 [INFO  ] MessageAPI                      :50   - Topic     : sms
2021-10-07 09:30:47 [INFO  ] MessageAPI                      :51   - Message   : {
    "callback_topic": "modem-list-211843",
    "data": {"date_time": 1633573847},
    "command": "get-modem-list"
}
2021-10-07 09:30:47 [INFO  ] MessageAPI                      :52   - Command   : get-modem-list
2021-10-07 09:30:47 [INFO  ] MessageAPI                      :53   - Date Time : 1633573847
2021-10-07 09:30:47 [INFO  ] MessageAPI                      :96   - List Modem
2021-10-07 09:30:49 [INFO  ] MessageAPI                      :50   - Topic     : sms
2021-10-07 09:30:49 [INFO  ] MessageAPI                      :51   - Message   : {
    "callback_topic": "modem-list-819702",
    "data": {"date_time": 1633573849},
    "command": "get-modem-list"
}
2021-10-07 09:30:49 [INFO  ] MessageAPI                      :52   - Command   : get-modem-list
2021-10-07 09:30:49 [INFO  ] MessageAPI                      :53   - Date Time : 1633573849
2021-10-07 09:30:49 [INFO  ] MessageAPI                      :96   - List Modem
2021-10-07 09:30:50 [INFO  ] MessageAPI                      :50   - Topic     : sms
2021-10-07 09:30:50 [INFO  ] MessageAPI                      :51   - Message   : {
    "callback_topic": "modem-list-835111",
    "data": {"date_time": 1633573850},
    "command": "get-modem-list"
}
2021-10-07 09:30:50 [INFO  ] MessageAPI                      :52   - Command   : get-modem-list
2021-10-07 09:30:50 [INFO  ] MessageAPI                      :53   - Date Time : 1633573850
2021-10-07 09:30:50 [INFO  ] MessageAPI                      :96   - List Modem
2021-10-07 09:30:50 [INFO  ] MessageAPI                      :50   - Topic     : sms
2021-10-07 09:30:50 [INFO  ] MessageAPI                      :51   - Message   : {
    "callback_topic": "modem-list-288862",
    "data": {"date_time": 1633573850},
    "command": "get-modem-list"
}
2021-10-07 09:30:50 [INFO  ] MessageAPI                      :52   - Command   : get-modem-list
2021-10-07 09:30:50 [INFO  ] MessageAPI                      :53   - Date Time : 1633573850
2021-10-07 09:30:50 [INFO  ] MessageAPI                      :96   - List Modem
2021-10-07 09:34:25 [INFO  ] ConfigLoader                    :407  - echo 'export OTPPI_CRON_ENABLE_AMQP="true"' >> $HOME/.bashrc
2021-10-07 09:34:25 [INFO  ] ConfigLoader                    :407  - echo 'export OTPPI_CRON_ENABLE_DDNS="true"' >> $HOME/.bashrc
2021-10-07 09:34:25 [INFO  ] ConfigLoader                    :407  - echo 'export OTPPI_CRON_ENABLE_DEVICE="true"' >> $HOME/.bashrc
2021-10-07 09:34:25 [INFO  ] ConfigLoader                    :407  - echo 'export OTPPI_CRON_ENABLE_NTP="true"' >> $HOME/.bashrc
2021-10-07 09:34:25 [INFO  ] ConfigLoader                    :407  - echo 'export OTPPI_CRON_ENABLE_SERVER_STATUS="true"' >> $HOME/.bashrc
2021-10-07 09:34:25 [INFO  ] ConfigLoader                    :407  - echo 'export OTPPI_CRON_EXPRESSION_AMQP="0 0 * * * ?"' >> $HOME/.bashrc
2021-10-07 09:34:25 [INFO  ] ConfigLoader                    :407  - echo 'export OTPPI_CRON_EXPRESSION_DEVICE="0 0 * * * ?"' >> $HOME/.bashrc
2021-10-07 09:34:25 [INFO  ] ConfigLoader                    :407  - echo 'export OTPPI_CRON_EXPRESSION_GENERAL="*/10 * * * * ?"' >> $HOME/.bashrc
2021-10-07 09:34:25 [INFO  ] ConfigLoader                    :407  - echo 'export OTPPI_CRON_EXPRESSION_SERVER_STATUS="0 */5 * * * ?"' >> $HOME/.bashrc
2021-10-07 09:34:25 [INFO  ] ConfigLoader                    :407  - echo 'export OTPPI_CRON_TIME_RESOLUTION="minute"' >> $HOME/.bashrc
2021-10-07 09:34:25 [INFO  ] ConfigLoader                    :407  - echo 'export OTPPI_DEVICE_HMAC="4194cbdf197b1a281612e14b5d0b68a692fd7f81d6a817d4abcf7977407fa76b196a39519281c68eea98f96dae255753b1f5a9bf69d851ac505ec8e44daedbb7"' >> $HOME/.bashrc
2021-10-07 09:34:25 [INFO  ] ConfigLoader                    :407  - echo 'export OTPPI_DEVICE_IMAGE_NAME="otp.jar"' >> $HOME/.bashrc
2021-10-07 09:34:25 [INFO  ] ConfigLoader                    :407  - echo 'export OTPPI_DEVICE_NAME="OTP Broker"' >> $HOME/.bashrc
2021-10-07 09:34:25 [INFO  ] ConfigLoader                    :407  - echo 'export OTPPI_DEVICE_PRINT_CONFIG="true"' >> $HOME/.bashrc
2021-10-07 09:34:25 [INFO  ] ConfigLoader                    :407  - echo 'export OTPPI_DEVICE_RESET_CONFIG_NAME="reset-config.ini"' >> $HOME/.bashrc
2021-10-07 09:34:25 [INFO  ] ConfigLoader                    :407  - echo 'export OTPPI_DEVICE_RESET_CONFIG_PATH="/otp-pi/reset-config.ini"' >> $HOME/.bashrc
2021-10-07 09:34:25 [INFO  ] ConfigLoader                    :407  - echo 'export OTPPI_DEVICE_RESET_TYPE="RPi"' >> $HOME/.bashrc
2021-10-07 09:34:25 [INFO  ] ConfigLoader                    :407  - echo 'export OTPPI_DEVICE_SECRET_KEY="itI*t7t7ur^%E65eE54ew43wYu9j9J(7r67R"' >> $HOME/.bashrc
2021-10-07 09:34:25 [INFO  ] ConfigLoader                    :407  - echo 'export OTPPI_DEVICE_VERSION="Version 1.0.0"' >> $HOME/.bashrc
2021-10-07 09:34:25 [INFO  ] ConfigLoader                    :407  - echo 'export OTPPI_MODEM_DEBUG="true"' >> $HOME/.bashrc
2021-10-07 09:34:25 [INFO  ] ConfigLoader                    :407  - echo 'export OTPPI_MODEM_INSPECT_INTERVAL="1000"' >> $HOME/.bashrc
2021-10-07 09:34:25 [INFO  ] ConfigLoader                    :407  - echo 'export OTPPI_OTP_CACHE_FILE="/resource/data/otp/otp.json"' >> $HOME/.bashrc
2021-10-07 09:34:25 [INFO  ] ConfigLoader                    :407  - echo 'export OTPPI_OTP_GC_INGTERVAL="60000"' >> $HOME/.bashrc
2021-10-07 09:34:25 [INFO  ] ConfigLoader                    :407  - echo 'export OTPPI_OTP_LENGTH="6"' >> $HOME/.bashrc
2021-10-07 09:34:25 [INFO  ] ConfigLoader                    :407  - echo 'export OTPPI_OTP_LIFETIME="30000"' >> $HOME/.bashrc
2021-10-07 09:34:25 [INFO  ] ConfigLoader                    :407  - echo 'export OTPPI_OTP_SALT="gfiushciyw89erywe98r23r23rj2"' >> $HOME/.bashrc
2021-10-07 09:34:25 [INFO  ] ConfigLoader                    :407  - echo 'export OTPPI_PATH_OS_DHCP="/etc/dhcp/dhcpd.conf"' >> $HOME/.bashrc
2021-10-07 09:34:25 [INFO  ] ConfigLoader                    :407  - echo 'export OTPPI_PATH_OS_ETHERNET="/etc/sysconfig/ifcfg-eth0"' >> $HOME/.bashrc
2021-10-07 09:34:25 [INFO  ] ConfigLoader                    :407  - echo 'export OTPPI_PATH_OS_SSID_KEY="/etc/sysconfig/network-scripts/keys-wlan0"' >> $HOME/.bashrc
2021-10-07 09:34:25 [INFO  ] ConfigLoader                    :407  - echo 'export OTPPI_PATH_OS_WLAN="/etc/sysconfig/network-scripts/ifcfg-wlan0"' >> $HOME/.bashrc
2021-10-07 09:34:25 [INFO  ] ConfigLoader                    :407  - echo 'export OTPPI_PATH_SETTING_ALL="/resource/config/config.ini"' >> $HOME/.bashrc
2021-10-07 09:34:25 [INFO  ] ConfigLoader                    :407  - echo 'export OTPPI_PATH_SETTING_API_SERVICE="/resource/data/api/services.json"' >> $HOME/.bashrc
2021-10-07 09:34:25 [INFO  ] ConfigLoader                    :407  - echo 'export OTPPI_PATH_SETTING_API_USER="/resource/data/api/urses.json"' >> $HOME/.bashrc
2021-10-07 09:34:25 [INFO  ] ConfigLoader                    :407  - echo 'export OTPPI_PATH_SETTING_BASE="C:/github/OTP-Pi"' >> $HOME/.bashrc
2021-10-07 09:34:25 [INFO  ] ConfigLoader                    :407  - echo 'export OTPPI_PATH_SETTING_BELL="/resource/data/bell/bell-config.json"' >> $HOME/.bashrc
2021-10-07 09:34:25 [INFO  ] ConfigLoader                    :407  - echo 'export OTPPI_PATH_SETTING_BLOCKING="/resource/data/api/blocking.json"' >> $HOME/.bashrc
2021-10-07 09:34:25 [INFO  ] ConfigLoader                    :407  - echo 'export OTPPI_PATH_SETTING_DDNS="/resource/data/ddns/ddns.json"' >> $HOME/.bashrc
2021-10-07 09:34:25 [INFO  ] ConfigLoader                    :407  - echo 'export OTPPI_PATH_SETTING_DDNS_AFRAID="/resource/data/ddns/vendor/afraid.json"' >> $HOME/.bashrc
2021-10-07 09:34:25 [INFO  ] ConfigLoader                    :407  - echo 'export OTPPI_PATH_SETTING_DDNS_CLOUDFLARE="/resource/data/ddns/vendor/cloudflare.json"' >> $HOME/.bashrc
2021-10-07 09:34:25 [INFO  ] ConfigLoader                    :407  - echo 'export OTPPI_PATH_SETTING_DDNS_DYNU="/resource/data/ddns/vendor/dynu.json"' >> $HOME/.bashrc
2021-10-07 09:34:25 [INFO  ] ConfigLoader                    :407  - echo 'export OTPPI_PATH_SETTING_DDNS_NOIP="/resource/data/ddns/vendor/noip.json"' >> $HOME/.bashrc
2021-10-07 09:34:25 [INFO  ] ConfigLoader                    :407  - echo 'export OTPPI_PATH_SETTING_DHCP="/resource/data/network/dhcpd.json"' >> $HOME/.bashrc
2021-10-07 09:34:25 [INFO  ] ConfigLoader                    :407  - echo 'export OTPPI_PATH_SETTING_DHCP_DEFAULT="/resource/config/network/dhcpd.json"' >> $HOME/.bashrc
2021-10-07 09:34:25 [INFO  ] ConfigLoader                    :407  - echo 'export OTPPI_PATH_SETTING_EMAIL="/resource/data/email/sender-account.json"' >> $HOME/.bashrc
2021-10-07 09:34:25 [INFO  ] ConfigLoader                    :407  - echo 'export OTPPI_PATH_SETTING_ETHERNET="/resource/data/network/ethernet.json"' >> $HOME/.bashrc
2021-10-07 09:34:25 [INFO  ] ConfigLoader                    :407  - echo 'export OTPPI_PATH_SETTING_ETHERNET_DEFAULT="/resource/config/network/ethernet.json"' >> $HOME/.bashrc
2021-10-07 09:34:25 [INFO  ] ConfigLoader                    :407  - echo 'export OTPPI_PATH_SETTING_FIREWALL="/resource/data/network/firewall.json"' >> $HOME/.bashrc
2021-10-07 09:34:25 [INFO  ] ConfigLoader                    :407  - echo 'export OTPPI_PATH_SETTING_GENERAL="/resource/data/general/general-config.json"' >> $HOME/.bashrc
2021-10-07 09:34:25 [INFO  ] ConfigLoader                    :407  - echo 'export OTPPI_PATH_SETTING_KEYSTORE="/resource/data/keystore/keystores.json"' >> $HOME/.bashrc
2021-10-07 09:34:25 [INFO  ] ConfigLoader                    :407  - echo 'export OTPPI_PATH_SETTING_KEYSTORE_DATA="/resource/data/keystore/data"' >> $HOME/.bashrc
2021-10-07 09:34:25 [INFO  ] ConfigLoader                    :407  - echo 'export OTPPI_PATH_SETTING_MODEM="/resource/data/gsm/devices.json"' >> $HOME/.bashrc
2021-10-07 09:34:25 [INFO  ] ConfigLoader                    :407  - echo 'export OTPPI_PATH_SETTING_SERVER_STATUS="/resource/data/server/server-status.json"' >> $HOME/.bashrc
2021-10-07 09:34:25 [INFO  ] ConfigLoader                    :407  - echo 'export OTPPI_PATH_SETTING_SMS="/resource/data/gsm/sms.json"' >> $HOME/.bashrc
2021-10-07 09:34:25 [INFO  ] ConfigLoader                    :407  - echo 'export OTPPI_PATH_SETTING_SMTP="/resource/data/email/smtp.json"' >> $HOME/.bashrc
2021-10-07 09:34:25 [INFO  ] ConfigLoader                    :407  - echo 'export OTPPI_PATH_SETTING_SUBSCRIBER_AMQP="/resource/data/subscriber/subscriber-amqp.json"' >> $HOME/.bashrc
2021-10-07 09:34:25 [INFO  ] ConfigLoader                    :407  - echo 'export OTPPI_PATH_SETTING_SUBSCRIBER_MQTT="/resource/data/subscriber/subscriber-mqtt.json"' >> $HOME/.bashrc
2021-10-07 09:34:25 [INFO  ] ConfigLoader                    :407  - echo 'export OTPPI_PATH_SETTING_SUBSCRIBER_REDIS="/resource/data/subscriber/subscriber-redis.json"' >> $HOME/.bashrc
2021-10-07 09:34:25 [INFO  ] ConfigLoader                    :407  - echo 'export OTPPI_PATH_SETTING_SUBSCRIBER_WS="/resource/data/subscriber/subscriber-ws.json"' >> $HOME/.bashrc
2021-10-07 09:34:25 [INFO  ] ConfigLoader                    :407  - echo 'export OTPPI_PATH_SETTING_USER="/resource/data/user/urses.json"' >> $HOME/.bashrc
2021-10-07 09:34:25 [INFO  ] ConfigLoader                    :407  - echo 'export OTPPI_PATH_SETTING_WLAN="/resource/data/network/wlan.json"' >> $HOME/.bashrc
2021-10-07 09:34:25 [INFO  ] ConfigLoader                    :407  - echo 'export OTPPI_PATH_SETTING_WLAN_DEFAULT="/resource/config/network/wlan.json"' >> $HOME/.bashrc
2021-10-07 09:34:25 [INFO  ] ConfigLoader                    :407  - echo 'export OTPPI_SERVER_DIR_LOG="C:\bitbucket\OTP-Pi\log"' >> $HOME/.bashrc
2021-10-07 09:34:25 [INFO  ] ConfigLoader                    :407  - echo 'export OTPPI_SERVER_DIR_STORAGE="C:\bitbucket\OTP-Pi\log"' >> $HOME/.bashrc
2021-10-07 09:34:25 [INFO  ] ConfigLoader                    :407  - echo 'export OTPPI_SERVER_LOG_CONFIG_NOT_FOUND="false"' >> $HOME/.bashrc
2021-10-07 09:34:25 [INFO  ] ConfigLoader                    :407  - echo 'export OTPPI_SERVER_PORT="8888"' >> $HOME/.bashrc
2021-10-07 09:34:25 [INFO  ] ConfigLoader                    :407  - echo 'export OTPPI_SMS_DEBUG_READ="true"' >> $HOME/.bashrc
2021-10-07 09:34:25 [INFO  ] ConfigLoader                    :407  - echo 'export OTPPI_SMS_INBOX_STATUS="REC READ"' >> $HOME/.bashrc
2021-10-07 09:34:25 [INFO  ] ConfigLoader                    :407  - echo 'export OTPPI_SMS_INBOX_STORAGE="SM"' >> $HOME/.bashrc
2021-10-07 09:34:25 [INFO  ] ConfigLoader                    :407  - echo 'export OTPPI_SMS_PATH_LOG="C:/github/OTP-Pi/resource/data/report/outbox"' >> $HOME/.bashrc
2021-10-07 09:34:25 [INFO  ] ConfigLoader                    :407  - echo 'export OTPPI_SMS_SHOW_TRAFIC="true"' >> $HOME/.bashrc
2021-10-07 09:34:25 [INFO  ] ConfigLoader                    :407  - echo 'export OTPPI_SOUND_ALERT_OCTAVE="3"' >> $HOME/.bashrc
2021-10-07 09:34:25 [INFO  ] ConfigLoader                    :407  - echo 'export OTPPI_SOUND_ALERT_TEMPO="80"' >> $HOME/.bashrc
2021-10-07 09:34:25 [INFO  ] ConfigLoader                    :407  - echo 'export OTPPI_SOUND_ALERT_TONE="8c2 4c2 16- 8c2 4c2"' >> $HOME/.bashrc
2021-10-07 09:34:25 [INFO  ] ConfigLoader                    :407  - echo 'export OTPPI_SOUND_DISCONNECT_OCTAVE="3"' >> $HOME/.bashrc
2021-10-07 09:34:25 [INFO  ] ConfigLoader                    :407  - echo 'export OTPPI_SOUND_DISCONNECT_TEMPO="80"' >> $HOME/.bashrc
2021-10-07 09:34:25 [INFO  ] ConfigLoader                    :407  - echo 'export OTPPI_SOUND_DISCONNECT_TONE="8c2 4c2 16- 8c2 4c2"' >> $HOME/.bashrc
2021-10-07 09:34:25 [INFO  ] ConfigLoader                    :407  - echo 'export OTPPI_SOUND_ENABLE="true"' >> $HOME/.bashrc
2021-10-07 09:34:25 [INFO  ] ConfigLoader                    :407  - echo 'export OTPPI_SOUND_ERROR_OCTAVE="3"' >> $HOME/.bashrc
2021-10-07 09:34:25 [INFO  ] ConfigLoader                    :407  - echo 'export OTPPI_SOUND_ERROR_TEMPO="80"' >> $HOME/.bashrc
2021-10-07 09:34:25 [INFO  ] ConfigLoader                    :407  - echo 'export OTPPI_SOUND_ERROR_TONE="8c2 4c2 16- 8c2 4c2"' >> $HOME/.bashrc
2021-10-07 09:34:25 [INFO  ] ConfigLoader                    :407  - echo 'export OTPPI_SOUND_PIN="26"' >> $HOME/.bashrc
2021-10-07 09:34:25 [INFO  ] ConfigLoader                    :407  - echo 'export OTPPI_SOUND_TEST_OCTAVE="3"' >> $HOME/.bashrc
2021-10-07 09:34:25 [INFO  ] ConfigLoader                    :407  - echo 'export OTPPI_SOUND_TEST_TEMPO="80"' >> $HOME/.bashrc
2021-10-07 09:34:25 [INFO  ] ConfigLoader                    :407  - echo 'export OTPPI_SOUND_TEST_TONE="16c2 16d2 6e2 8d2 8c2 4d2 4g2 32- 6c2 8c2 8b1 16a1 4b1 4e2 32- 6a1 6b1 6c2 6g1 6b1 8c2 6d2 6e2 8c2 4d2"' >> $HOME/.bashrc
2021-10-07 09:34:25 [INFO  ] ConfigLoader                    :407  - echo 'export OTPPI_SSH_CLEANUP_COMMAND="/bin/bash /var/otp-pi/cleanup.sh"' >> $HOME/.bashrc
2021-10-07 09:34:25 [INFO  ] ConfigLoader                    :407  - echo 'export OTPPI_SSH_ENABLE="false"' >> $HOME/.bashrc
2021-10-07 09:34:25 [INFO  ] ConfigLoader                    :407  - echo 'export OTPPI_SSH_HOST="localhost"' >> $HOME/.bashrc
2021-10-07 09:34:25 [INFO  ] ConfigLoader                    :407  - echo 'export OTPPI_SSH_PASSWORD="centos"' >> $HOME/.bashrc
2021-10-07 09:34:25 [INFO  ] ConfigLoader                    :407  - echo 'export OTPPI_SSH_PING_COMMAND="/bin/curl -X GET http://localhost:8888/ping/"' >> $HOME/.bashrc
2021-10-07 09:34:25 [INFO  ] ConfigLoader                    :407  - echo 'export OTPPI_SSH_PORT="22"' >> $HOME/.bashrc
2021-10-07 09:34:25 [INFO  ] ConfigLoader                    :407  - echo 'export OTPPI_SSH_REBOOT_COMMAND="reboot"' >> $HOME/.bashrc
2021-10-07 09:34:25 [INFO  ] ConfigLoader                    :407  - echo 'export OTPPI_SSH_RESTART_COMMAND="/bin/bash /var/otp-pi/restart.sh"' >> $HOME/.bashrc
2021-10-07 09:34:25 [INFO  ] ConfigLoader                    :407  - echo 'export OTPPI_SSH_SLEEP="10"' >> $HOME/.bashrc
2021-10-07 09:34:25 [INFO  ] ConfigLoader                    :407  - echo 'export OTPPI_SSH_USERNAME="root"' >> $HOME/.bashrc
2021-10-07 09:34:25 [INFO  ] ConfigLoader                    :407  - echo 'export OTPPI_WEB_CACHE_FILE_HTML="true"' >> $HOME/.bashrc
2021-10-07 09:34:25 [INFO  ] ConfigLoader                    :407  - echo 'export OTPPI_WEB_DOCUMENT_ROOT="C:/github/OTP-Pi/resource/www"' >> $HOME/.bashrc
2021-10-07 09:34:25 [INFO  ] ConfigLoader                    :407  - echo 'export OTPPI_WEB_SESSION_FILE_PATH="/resource/session"' >> $HOME/.bashrc
2021-10-07 09:34:25 [INFO  ] ConfigLoader                    :407  - echo 'export OTPPI_WEB_SESSION_LIFETIME="144000000000"' >> $HOME/.bashrc
2021-10-07 09:34:25 [INFO  ] ConfigLoader                    :407  - echo 'export OTPPI_WEB_SESSION_NAME="SMSSESSID"' >> $HOME/.bashrc
2021-10-07 09:34:25 [INFO  ] ConfigLoader                    :407  - echo 'export OTPPI_WVDIAL_COMMAND_CONNECT="/bin/wvdial &"' >> $HOME/.bashrc
2021-10-07 09:34:25 [INFO  ] ConfigLoader                    :407  - echo 'export OTPPI_WVDIAL_COMMAND_DISCONNECT="/bin/pkill wvdial"' >> $HOME/.bashrc
2021-10-07 09:34:25 [INFO  ] ConfigLoader                    :407  - echo 'export OTPPI_WVDIAL_PATH_CONFIG="/etc/wvdial.conf"' >> $HOME/.bashrc
2021-10-07 09:34:25 [INFO  ] ConfigLoader                    :368  - 
List of Unused Config:

2021-10-07 09:34:25 [INFO  ] ConfigLoader                    :373  - otppi.cron.enable.server.status
2021-10-07 09:34:25 [INFO  ] ConfigLoader                    :373  - otppi.cron.expression.amqp
2021-10-07 09:34:25 [INFO  ] ConfigLoader                    :373  - otppi.cron.expression.device
2021-10-07 09:34:25 [INFO  ] ConfigLoader                    :373  - otppi.cron.expression.general
2021-10-07 09:34:25 [INFO  ] ConfigLoader                    :373  - otppi.cron.expression.server.status
2021-10-07 09:34:25 [INFO  ] ConfigLoader                    :373  - otppi.cron.time.resolution
2021-10-07 09:34:25 [INFO  ] ConfigLoader                    :373  - otppi.device.hmac
2021-10-07 09:34:25 [INFO  ] ConfigLoader                    :373  - otppi.device.print.config
2021-10-07 09:34:25 [INFO  ] ConfigLoader                    :373  - otppi.device.secret.key
2021-10-07 09:34:25 [INFO  ] ConfigLoader                    :373  - otppi.sms.debug.read
2021-10-07 09:34:25 [INFO  ] ConfigLoader                    :373  - otppi.ssh.ping.command
2021-10-07 09:34:31 [INFO  ] Application                     :190  - Service started
2021-10-07 09:34:33 [INFO  ] MessageAPI                      :50   - Topic     : sms
2021-10-07 09:34:33 [INFO  ] MessageAPI                      :51   - Message   : {
    "callback_topic": "modem-list-851876",
    "data": {"date_time": 1633574073},
    "command": "get-modem-list"
}
2021-10-07 09:34:33 [INFO  ] MessageAPI                      :52   - Command   : get-modem-list
2021-10-07 09:34:33 [INFO  ] MessageAPI                      :53   - Date Time : 1633574073
2021-10-07 09:34:33 [INFO  ] MessageAPI                      :96   - List Modem
2021-10-07 09:34:44 [INFO  ] MessageAPI                      :50   - Topic     : sms
2021-10-07 09:34:44 [INFO  ] MessageAPI                      :51   - Message   : {
    "callback_topic": "modem-list-299884",
    "data": {"date_time": 1633574084},
    "command": "get-modem-list"
}
2021-10-07 09:34:44 [INFO  ] MessageAPI                      :52   - Command   : get-modem-list
2021-10-07 09:34:44 [INFO  ] MessageAPI                      :53   - Date Time : 1633574084
2021-10-07 09:34:44 [INFO  ] MessageAPI                      :96   - List Modem
2021-10-07 09:35:48 [INFO  ] MessageAPI                      :50   - Topic     : sms
2021-10-07 09:35:48 [INFO  ] MessageAPI                      :51   - Message   : {
    "callback_topic": "modem-list-187849",
    "data": {"date_time": 1633574148},
    "command": "get-modem-list"
}
2021-10-07 09:35:48 [INFO  ] MessageAPI                      :52   - Command   : get-modem-list
2021-10-07 09:35:48 [INFO  ] MessageAPI                      :53   - Date Time : 1633574148
2021-10-07 09:35:48 [INFO  ] MessageAPI                      :96   - List Modem
2021-10-07 09:35:48 [INFO  ] MessageAPI                      :50   - Topic     : sms
2021-10-07 09:35:48 [INFO  ] MessageAPI                      :51   - Message   : {
    "callback_topic": "modem-list-177235",
    "data": {"date_time": 1633574148},
    "command": "get-modem-list"
}
2021-10-07 09:35:48 [INFO  ] MessageAPI                      :52   - Command   : get-modem-list
2021-10-07 09:35:48 [INFO  ] MessageAPI                      :53   - Date Time : 1633574148
2021-10-07 09:35:48 [INFO  ] MessageAPI                      :96   - List Modem
2021-10-07 09:35:50 [INFO  ] MessageAPI                      :50   - Topic     : sms
2021-10-07 09:35:50 [INFO  ] MessageAPI                      :51   - Message   : {
    "callback_topic": "modem-list-304325",
    "data": {"date_time": 1633574150},
    "command": "get-modem-list"
}
2021-10-07 09:35:50 [INFO  ] MessageAPI                      :52   - Command   : get-modem-list
2021-10-07 09:35:50 [INFO  ] MessageAPI                      :53   - Date Time : 1633574150
2021-10-07 09:35:50 [INFO  ] MessageAPI                      :96   - List Modem
2021-10-07 09:35:50 [INFO  ] MessageAPI                      :50   - Topic     : sms
2021-10-07 09:35:50 [INFO  ] MessageAPI                      :51   - Message   : {
    "callback_topic": "modem-list-883069",
    "data": {"date_time": 1633574150},
    "command": "get-modem-list"
}
2021-10-07 09:35:50 [INFO  ] MessageAPI                      :52   - Command   : get-modem-list
2021-10-07 09:35:50 [INFO  ] MessageAPI                      :53   - Date Time : 1633574150
2021-10-07 09:35:50 [INFO  ] MessageAPI                      :96   - List Modem
2021-10-07 09:35:51 [INFO  ] MessageAPI                      :50   - Topic     : sms
2021-10-07 09:35:51 [INFO  ] MessageAPI                      :51   - Message   : {
    "callback_topic": "modem-list-592219",
    "data": {"date_time": 1633574151},
    "command": "get-modem-list"
}
2021-10-07 09:35:51 [INFO  ] MessageAPI                      :52   - Command   : get-modem-list
2021-10-07 09:35:51 [INFO  ] MessageAPI                      :53   - Date Time : 1633574151
2021-10-07 09:35:51 [INFO  ] MessageAPI                      :96   - List Modem
2021-10-07 09:35:52 [INFO  ] MessageAPI                      :50   - Topic     : sms
2021-10-07 09:35:52 [INFO  ] MessageAPI                      :51   - Message   : {
    "callback_topic": "modem-list-808046",
    "data": {"date_time": 1633574152},
    "command": "get-modem-list"
}
2021-10-07 09:35:52 [INFO  ] MessageAPI                      :52   - Command   : get-modem-list
2021-10-07 09:35:52 [INFO  ] MessageAPI                      :53   - Date Time : 1633574152
2021-10-07 09:35:52 [INFO  ] MessageAPI                      :96   - List Modem
2021-10-07 09:35:52 [INFO  ] MessageAPI                      :50   - Topic     : sms
2021-10-07 09:35:52 [INFO  ] MessageAPI                      :51   - Message   : {
    "callback_topic": "modem-list-196900",
    "data": {"date_time": 1633574152},
    "command": "get-modem-list"
}
2021-10-07 09:35:52 [INFO  ] MessageAPI                      :52   - Command   : get-modem-list
2021-10-07 09:35:52 [INFO  ] MessageAPI                      :53   - Date Time : 1633574152
2021-10-07 09:35:52 [INFO  ] MessageAPI                      :96   - List Modem
2021-10-07 09:36:12 [INFO  ] MessageAPI                      :50   - Topic     : sms
2021-10-07 09:36:12 [INFO  ] MessageAPI                      :51   - Message   : {
    "callback_topic": "modem-list-363843",
    "data": {"date_time": 1633574172},
    "command": "get-modem-list"
}
2021-10-07 09:36:12 [INFO  ] MessageAPI                      :52   - Command   : get-modem-list
2021-10-07 09:36:12 [INFO  ] MessageAPI                      :53   - Date Time : 1633574172
2021-10-07 09:36:12 [INFO  ] MessageAPI                      :96   - List Modem
2021-10-07 09:36:12 [INFO  ] MessageAPI                      :50   - Topic     : sms
2021-10-07 09:36:12 [INFO  ] MessageAPI                      :51   - Message   : {
    "callback_topic": "modem-list-908157",
    "data": {"date_time": 1633574172},
    "command": "get-modem-list"
}
2021-10-07 09:36:12 [INFO  ] MessageAPI                      :52   - Command   : get-modem-list
2021-10-07 09:36:12 [INFO  ] MessageAPI                      :53   - Date Time : 1633574172
2021-10-07 09:36:12 [INFO  ] MessageAPI                      :96   - List Modem
2021-10-07 09:36:13 [INFO  ] MessageAPI                      :50   - Topic     : sms
2021-10-07 09:36:13 [INFO  ] MessageAPI                      :51   - Message   : {
    "callback_topic": "modem-list-977236",
    "data": {"date_time": 1633574173},
    "command": "get-modem-list"
}
2021-10-07 09:36:13 [INFO  ] MessageAPI                      :52   - Command   : get-modem-list
2021-10-07 09:36:13 [INFO  ] MessageAPI                      :53   - Date Time : 1633574173
2021-10-07 09:36:13 [INFO  ] MessageAPI                      :96   - List Modem
2021-10-07 09:36:13 [INFO  ] MessageAPI                      :50   - Topic     : sms
2021-10-07 09:36:13 [INFO  ] MessageAPI                      :51   - Message   : {
    "callback_topic": "modem-list-909505",
    "data": {"date_time": 1633574173},
    "command": "get-modem-list"
}
2021-10-07 09:36:13 [INFO  ] MessageAPI                      :52   - Command   : get-modem-list
2021-10-07 09:36:13 [INFO  ] MessageAPI                      :53   - Date Time : 1633574173
2021-10-07 09:36:13 [INFO  ] MessageAPI                      :96   - List Modem
2021-10-07 09:36:14 [INFO  ] MessageAPI                      :50   - Topic     : sms
2021-10-07 09:36:14 [INFO  ] MessageAPI                      :51   - Message   : {
    "callback_topic": "modem-list-877962",
    "data": {"date_time": 1633574174},
    "command": "get-modem-list"
}
2021-10-07 09:36:14 [INFO  ] MessageAPI                      :52   - Command   : get-modem-list
2021-10-07 09:36:14 [INFO  ] MessageAPI                      :53   - Date Time : 1633574174
2021-10-07 09:36:14 [INFO  ] MessageAPI                      :96   - List Modem
2021-10-07 09:36:14 [INFO  ] MessageAPI                      :50   - Topic     : sms
2021-10-07 09:36:14 [INFO  ] MessageAPI                      :51   - Message   : {
    "callback_topic": "modem-list-728671",
    "data": {"date_time": 1633574174},
    "command": "get-modem-list"
}
2021-10-07 09:36:14 [INFO  ] MessageAPI                      :52   - Command   : get-modem-list
2021-10-07 09:36:14 [INFO  ] MessageAPI                      :53   - Date Time : 1633574174
2021-10-07 09:36:14 [INFO  ] MessageAPI                      :96   - List Modem
2021-10-07 09:36:14 [INFO  ] MessageAPI                      :50   - Topic     : sms
2021-10-07 09:36:14 [INFO  ] MessageAPI                      :51   - Message   : {
    "callback_topic": "modem-list-429383",
    "data": {"date_time": 1633574174},
    "command": "get-modem-list"
}
2021-10-07 09:36:14 [INFO  ] MessageAPI                      :52   - Command   : get-modem-list
2021-10-07 09:36:14 [INFO  ] MessageAPI                      :53   - Date Time : 1633574174
2021-10-07 09:36:14 [INFO  ] MessageAPI                      :96   - List Modem
2021-10-07 09:36:14 [INFO  ] MessageAPI                      :50   - Topic     : sms
2021-10-07 09:36:14 [INFO  ] MessageAPI                      :51   - Message   : {
    "callback_topic": "modem-list-402460",
    "data": {"date_time": 1633574174},
    "command": "get-modem-list"
}
2021-10-07 09:36:14 [INFO  ] MessageAPI                      :52   - Command   : get-modem-list
2021-10-07 09:36:14 [INFO  ] MessageAPI                      :53   - Date Time : 1633574174
2021-10-07 09:36:14 [INFO  ] MessageAPI                      :96   - List Modem
2021-10-07 09:36:15 [INFO  ] MessageAPI                      :50   - Topic     : sms
2021-10-07 09:36:15 [INFO  ] MessageAPI                      :51   - Message   : {
    "callback_topic": "modem-list-741992",
    "data": {"date_time": 1633574175},
    "command": "get-modem-list"
}
2021-10-07 09:36:15 [INFO  ] MessageAPI                      :52   - Command   : get-modem-list
2021-10-07 09:36:15 [INFO  ] MessageAPI                      :53   - Date Time : 1633574175
2021-10-07 09:36:15 [INFO  ] MessageAPI                      :96   - List Modem
